

Started GET "/welcome/index" for ::1 at 2016-06-20 07:03:41 -0600
Processing by WelcomeController#index as HTML
  Rendered welcome/index.html.erb within layouts/application (1.6ms)
Completed 200 OK in 1361ms (Views: 1351.9ms | ActiveRecord: 0.0ms)


Started GET "/assets/welcome.self-e3b0c44298fc1c149afbf4c8996fb92427ae41e4649b934ca495991b7852b855.css?body=1" for ::1 at 2016-06-20 07:03:42 -0600


Started GET "/assets/jquery.self-660adc51e0224b731d29f575a6f1ec167ba08ad06ed5deca4f1e8654c135bf4c.js?body=1" for ::1 at 2016-06-20 07:03:42 -0600


Started GET "/assets/application.self-e80e8f2318043e8af94dddc2adad5a4f09739a8ebb323b3ab31cd71d45fd9113.css?body=1" for ::1 at 2016-06-20 07:03:42 -0600


Started GET "/assets/jquery_ujs.self-e87806d0cf4489aeb1bb7288016024e8de67fd18db693fe026fe3907581e53cd.js?body=1" for ::1 at 2016-06-20 07:03:42 -0600


Started GET "/assets/application.self-3b8dabdc891efe46b9a144b400ad69e37d7e5876bdc39dee783419a69d7ca819.js?body=1" for ::1 at 2016-06-20 07:03:42 -0600


Started GET "/assets/turbolinks.self-c37727e9bd6b2735da5c311aa83fead54ed0be6cc8bd9a65309e9c5abe2cbfff.js?body=1" for ::1 at 2016-06-20 07:03:42 -0600


Started GET "/assets/welcome.self-877aef30ae1b040ab8a3aba4e3e309a11d7f2612f44dde450b5c157aa5f95c05.js?body=1" for ::1 at 2016-06-20 07:03:42 -0600


Started GET "/welcome/index" for ::1 at 2016-06-20 07:05:09 -0600
Processing by WelcomeController#index as HTML
  Rendered welcome/index.html.erb within layouts/application (0.4ms)
Completed 200 OK in 26ms (Views: 25.2ms | ActiveRecord: 0.0ms)


Started GET "/assets/welcome.self-e3b0c44298fc1c149afbf4c8996fb92427ae41e4649b934ca495991b7852b855.css?body=1" for ::1 at 2016-06-20 07:05:09 -0600


Started GET "/assets/welcome.self-877aef30ae1b040ab8a3aba4e3e309a11d7f2612f44dde450b5c157aa5f95c05.js?body=1" for ::1 at 2016-06-20 07:05:10 -0600


Started GET "/assets/application.self-e80e8f2318043e8af94dddc2adad5a4f09739a8ebb323b3ab31cd71d45fd9113.css?body=1" for ::1 at 2016-06-20 07:05:10 -0600


Started GET "/assets/turbolinks.self-c37727e9bd6b2735da5c311aa83fead54ed0be6cc8bd9a65309e9c5abe2cbfff.js?body=1" for ::1 at 2016-06-20 07:05:10 -0600


Started GET "/assets/jquery_ujs.self-e87806d0cf4489aeb1bb7288016024e8de67fd18db693fe026fe3907581e53cd.js?body=1" for ::1 at 2016-06-20 07:05:10 -0600


Started GET "/assets/jquery.self-660adc51e0224b731d29f575a6f1ec167ba08ad06ed5deca4f1e8654c135bf4c.js?body=1" for ::1 at 2016-06-20 07:05:10 -0600


Started GET "/assets/application.self-3b8dabdc891efe46b9a144b400ad69e37d7e5876bdc39dee783419a69d7ca819.js?body=1" for ::1 at 2016-06-20 07:05:10 -0600


Started GET "/welcome/about" for ::1 at 2016-06-20 07:05:15 -0600
Processing by WelcomeController#about as HTML
  Rendered welcome/about.html.erb within layouts/application (0.3ms)
Completed 200 OK in 22ms (Views: 21.6ms | ActiveRecord: 0.0ms)


Started GET "/welcome/index" for ::1 at 2016-06-20 07:06:28 -0600
Processing by WelcomeController#index as HTML
  Rendered welcome/index.html.erb within layouts/application (0.1ms)
Completed 200 OK in 25ms (Views: 23.9ms | ActiveRecord: 0.0ms)


Started GET "/" for ::1 at 2016-06-20 07:06:34 -0600
Processing by WelcomeController#index as HTML
  Rendered welcome/index.html.erb within layouts/application (0.0ms)
Completed 200 OK in 14ms (Views: 13.5ms | ActiveRecord: 0.0ms)


Started GET "/" for ::1 at 2016-06-20 07:14:40 -0600
Processing by WelcomeController#index as HTML
  Rendered welcome/index.html.erb within layouts/application (0.6ms)
Completed 200 OK in 18ms (Views: 17.5ms | ActiveRecord: 0.0ms)


Started GET "/welcome/about" for ::1 at 2016-06-20 07:14:46 -0600
Processing by WelcomeController#about as HTML
  Rendered welcome/about.html.erb within layouts/application (0.3ms)
Completed 200 OK in 16ms (Views: 15.3ms | ActiveRecord: 0.0ms)


Started GET "/welcome/index" for ::1 at 2016-06-20 07:14:49 -0600
Processing by WelcomeController#index as HTML
  Rendered welcome/index.html.erb within layouts/application (0.3ms)
Completed 200 OK in 16ms (Views: 15.2ms | ActiveRecord: 0.0ms)


Started GET "/welcome/index" for ::1 at 2016-06-20 07:16:37 -0600
Processing by WelcomeController#index as HTML
  Rendered welcome/index.html.erb within layouts/application (0.0ms)
Completed 200 OK in 34ms (Views: 33.9ms | ActiveRecord: 0.0ms)


Started GET "/welcome/index" for ::1 at 2016-06-20 07:16:37 -0600
Processing by WelcomeController#index as HTML
  Rendered welcome/index.html.erb within layouts/application (0.0ms)
Completed 200 OK in 20ms (Views: 19.2ms | ActiveRecord: 0.0ms)


Started GET "/assets/welcome.self-b288aeb5f1bf78dfcb2a7c801cfa3859668d6ddb98ac846ef07885421bbaab12.css?body=1" for ::1 at 2016-06-20 07:16:38 -0600


Started GET "/welcome/index" for ::1 at 2016-06-20 07:17:30 -0600
Processing by WelcomeController#index as HTML
  Rendered welcome/index.html.erb within layouts/application (0.1ms)
Completed 200 OK in 42ms (Views: 41.6ms | ActiveRecord: 0.0ms)


Started GET "/welcome/index" for ::1 at 2016-06-20 07:17:30 -0600
Processing by WelcomeController#index as HTML
  Rendered welcome/index.html.erb within layouts/application (0.0ms)
Completed 200 OK in 23ms (Views: 22.4ms | ActiveRecord: 0.0ms)


Started GET "/assets/welcome.self-25310af2ec365159cfd3a79bd2b73392d77f45c7969bf7b56ac6d7d78f5ec903.css?body=1" for ::1 at 2016-06-20 07:17:31 -0600


Started GET "/welcome/index" for ::1 at 2016-06-20 07:18:41 -0600
Processing by WelcomeController#index as HTML
  Rendered welcome/index.html.erb within layouts/application (0.9ms)
Completed 200 OK in 21ms (Views: 20.8ms | ActiveRecord: 0.0ms)


Started GET "/welcome/index" for ::1 at 2016-06-20 07:20:50 -0600
Processing by WelcomeController#index as HTML
  Rendered welcome/index.html.erb within layouts/application (0.3ms)
Completed 200 OK in 35ms (Views: 34.5ms | ActiveRecord: 0.0ms)


Started GET "/assets/application.self-e80e8f2318043e8af94dddc2adad5a4f09739a8ebb323b3ab31cd71d45fd9113.css?body=1" for ::1 at 2016-06-20 07:20:50 -0600


Started GET "/assets/jquery.self-660adc51e0224b731d29f575a6f1ec167ba08ad06ed5deca4f1e8654c135bf4c.js?body=1" for ::1 at 2016-06-20 07:20:50 -0600


Started GET "/assets/jquery_ujs.self-e87806d0cf4489aeb1bb7288016024e8de67fd18db693fe026fe3907581e53cd.js?body=1" for ::1 at 2016-06-20 07:20:50 -0600


Started GET "/assets/welcome.self-877aef30ae1b040ab8a3aba4e3e309a11d7f2612f44dde450b5c157aa5f95c05.js?body=1" for ::1 at 2016-06-20 07:20:50 -0600


Started GET "/assets/application.self-3b8dabdc891efe46b9a144b400ad69e37d7e5876bdc39dee783419a69d7ca819.js?body=1" for ::1 at 2016-06-20 07:20:50 -0600


Started GET "/assets/welcome.self-a38462095c6b9ac2da8677b337c6bb9765ca5a0b2ecf5b4b3ede9f3cc445a5c4.css?body=1" for ::1 at 2016-06-20 07:20:51 -0600


Started GET "/assets/turbolinks.self-c37727e9bd6b2735da5c311aa83fead54ed0be6cc8bd9a65309e9c5abe2cbfff.js?body=1" for ::1 at 2016-06-20 07:20:51 -0600


Started GET "/welcome/index" for ::1 at 2016-06-20 07:23:04 -0600
Processing by WelcomeController#index as HTML
  Rendered welcome/index.html.erb within layouts/application (1.0ms)
Completed 200 OK in 30ms (Views: 29.3ms | ActiveRecord: 0.0ms)


Started GET "/welcome/index" for ::1 at 2016-06-20 07:23:04 -0600
Processing by WelcomeController#index as HTML
  Rendered welcome/index.html.erb within layouts/application (0.3ms)
Completed 200 OK in 15ms (Views: 14.2ms | ActiveRecord: 0.0ms)


Started GET "/assets/welcome.self-fb0e4eb2ee1747414ea9eb9c06032d2b47105c5cd0ce7bb9ff7cf37e2246a69f.css?body=1" for ::1 at 2016-06-20 07:23:04 -0600


Started GET "/welcome/index" for ::1 at 2016-06-20 07:30:32 -0600
Processing by WelcomeController#index as HTML
  Rendered welcome/index.html.erb within layouts/application (1.4ms)
Completed 500 Internal Server Error in 233ms (ActiveRecord: 0.0ms)

ActionView::Template::Error (File to import not found or unreadable: bootstrap-sprockets.
Load paths:
  /Users/kurt.gardner/Documents/Bloc/code/todo/app/assets/images
  /Users/kurt.gardner/Documents/Bloc/code/todo/app/assets/javascripts
  /Users/kurt.gardner/Documents/Bloc/code/todo/app/assets/stylesheets
  /Users/kurt.gardner/Documents/Bloc/code/todo/vendor/assets/javascripts
  /Users/kurt.gardner/Documents/Bloc/code/todo/vendor/assets/stylesheets
  /Users/kurt.gardner/.rvm/gems/ruby-2.2.1/gems/turbolinks-2.5.3/lib/assets/javascripts
  /Users/kurt.gardner/.rvm/gems/ruby-2.2.1/gems/jquery-rails-4.1.1/vendor/assets/javascripts
  /Users/kurt.gardner/.rvm/gems/ruby-2.2.1/gems/coffee-rails-4.1.1/lib/assets/javascripts
  /Users/kurt.gardner/.rvm/gems/ruby-2.2.1/gems/bootstrap-4.0.0.alpha3/assets/stylesheets
  /Users/kurt.gardner/.rvm/gems/ruby-2.2.1/gems/bootstrap-4.0.0.alpha3/assets/javascripts
  /Users/kurt.gardner/.rvm/gems/ruby-2.2.1/gems/bootstrap-4.0.0.alpha3/assets/stylesheets
  /Users/kurt.gardner/.rvm/gems/ruby-2.2.1/gems/bootstrap-4.0.0.alpha3/assets/javascripts
  /Users/kurt.gardner/.rvm/gems/ruby-2.2.1/gems/bootstrap-4.0.0.alpha3/assets/fonts
  /Users/kurt.gardner/.rvm/gems/ruby-2.2.1/gems/bootstrap-4.0.0.alpha3/assets/images
  /Users/kurt.gardner/.rvm/gems/ruby-2.2.1/gems/bootstrap-4.0.0.alpha3/assets/stylesheets
  /Users/kurt.gardner/.rvm/gems/ruby-2.2.1/gems/bootstrap-4.0.0.alpha3/assets/stylesheets):
    3: <head>
    4:   <title>ToDo</title>
    5:   <meta name="viewport" content="width=device-width, initial-scale=1">
    6:   <%= stylesheet_link_tag    'application', media: 'all', 'data-turbolinks-track' => true %>
    7:   <%= javascript_include_tag 'application', 'data-turbolinks-track' => true %>
    8:   <%= csrf_meta_tags %>
    9: </head>
  app/assets/stylesheets/application.scss:1
  app/views/layouts/application.html.erb:6:in `_app_views_layouts_application_html_erb___3634428408015242232_70183691307660'


  Rendered /Users/kurt.gardner/.rvm/gems/ruby-2.2.1/gems/actionpack-4.2.5/lib/action_dispatch/middleware/templates/rescues/_source.erb (9.0ms)
  Rendered /Users/kurt.gardner/.rvm/gems/ruby-2.2.1/gems/actionpack-4.2.5/lib/action_dispatch/middleware/templates/rescues/_trace.html.erb (3.9ms)
  Rendered /Users/kurt.gardner/.rvm/gems/ruby-2.2.1/gems/actionpack-4.2.5/lib/action_dispatch/middleware/templates/rescues/_request_and_response.html.erb (1.7ms)
  Rendered /Users/kurt.gardner/.rvm/gems/ruby-2.2.1/gems/actionpack-4.2.5/lib/action_dispatch/middleware/templates/rescues/template_error.html.erb within rescues/layout (55.3ms)
  Rendered /Users/kurt.gardner/.rvm/gems/ruby-2.2.1/gems/web-console-2.3.0/lib/web_console/templates/_markup.html.erb (0.6ms)
  Rendered /Users/kurt.gardner/.rvm/gems/ruby-2.2.1/gems/web-console-2.3.0/lib/web_console/templates/_inner_console_markup.html.erb within layouts/inlined_string (0.3ms)
  Rendered /Users/kurt.gardner/.rvm/gems/ruby-2.2.1/gems/web-console-2.3.0/lib/web_console/templates/_prompt_box_markup.html.erb within layouts/inlined_string (0.5ms)
  Rendered /Users/kurt.gardner/.rvm/gems/ruby-2.2.1/gems/web-console-2.3.0/lib/web_console/templates/style.css.erb within layouts/inlined_string (0.3ms)
  Rendered /Users/kurt.gardner/.rvm/gems/ruby-2.2.1/gems/web-console-2.3.0/lib/web_console/templates/console.js.erb within layouts/javascript (392.7ms)
  Rendered /Users/kurt.gardner/.rvm/gems/ruby-2.2.1/gems/web-console-2.3.0/lib/web_console/templates/main.js.erb within layouts/javascript (0.3ms)
  Rendered /Users/kurt.gardner/.rvm/gems/ruby-2.2.1/gems/web-console-2.3.0/lib/web_console/templates/error_page.js.erb within layouts/javascript (0.3ms)
  Rendered /Users/kurt.gardner/.rvm/gems/ruby-2.2.1/gems/web-console-2.3.0/lib/web_console/templates/index.html.erb (444.5ms)


Started GET "/welcome/index" for ::1 at 2016-06-20 07:30:34 -0600
Processing by WelcomeController#index as HTML
  Rendered welcome/index.html.erb within layouts/application (0.3ms)
Completed 500 Internal Server Error in 25ms (ActiveRecord: 0.0ms)

ActionView::Template::Error (File to import not found or unreadable: bootstrap-sprockets.
Load paths:
  /Users/kurt.gardner/Documents/Bloc/code/todo/app/assets/images
  /Users/kurt.gardner/Documents/Bloc/code/todo/app/assets/javascripts
  /Users/kurt.gardner/Documents/Bloc/code/todo/app/assets/stylesheets
  /Users/kurt.gardner/Documents/Bloc/code/todo/vendor/assets/javascripts
  /Users/kurt.gardner/Documents/Bloc/code/todo/vendor/assets/stylesheets
  /Users/kurt.gardner/.rvm/gems/ruby-2.2.1/gems/turbolinks-2.5.3/lib/assets/javascripts
  /Users/kurt.gardner/.rvm/gems/ruby-2.2.1/gems/jquery-rails-4.1.1/vendor/assets/javascripts
  /Users/kurt.gardner/.rvm/gems/ruby-2.2.1/gems/coffee-rails-4.1.1/lib/assets/javascripts
  /Users/kurt.gardner/.rvm/gems/ruby-2.2.1/gems/bootstrap-4.0.0.alpha3/assets/stylesheets
  /Users/kurt.gardner/.rvm/gems/ruby-2.2.1/gems/bootstrap-4.0.0.alpha3/assets/javascripts
  /Users/kurt.gardner/.rvm/gems/ruby-2.2.1/gems/bootstrap-4.0.0.alpha3/assets/stylesheets
  /Users/kurt.gardner/.rvm/gems/ruby-2.2.1/gems/bootstrap-4.0.0.alpha3/assets/javascripts
  /Users/kurt.gardner/.rvm/gems/ruby-2.2.1/gems/bootstrap-4.0.0.alpha3/assets/fonts
  /Users/kurt.gardner/.rvm/gems/ruby-2.2.1/gems/bootstrap-4.0.0.alpha3/assets/images
  /Users/kurt.gardner/.rvm/gems/ruby-2.2.1/gems/bootstrap-4.0.0.alpha3/assets/stylesheets
  /Users/kurt.gardner/.rvm/gems/ruby-2.2.1/gems/bootstrap-4.0.0.alpha3/assets/stylesheets):
    3: <head>
    4:   <title>ToDo</title>
    5:   <meta name="viewport" content="width=device-width, initial-scale=1">
    6:   <%= stylesheet_link_tag    'application', media: 'all', 'data-turbolinks-track' => true %>
    7:   <%= javascript_include_tag 'application', 'data-turbolinks-track' => true %>
    8:   <%= csrf_meta_tags %>
    9: </head>
  app/assets/stylesheets/application.scss:1
  app/views/layouts/application.html.erb:6:in `_app_views_layouts_application_html_erb___3634428408015242232_70183691307660'


  Rendered /Users/kurt.gardner/.rvm/gems/ruby-2.2.1/gems/actionpack-4.2.5/lib/action_dispatch/middleware/templates/rescues/_source.erb (8.1ms)
  Rendered /Users/kurt.gardner/.rvm/gems/ruby-2.2.1/gems/actionpack-4.2.5/lib/action_dispatch/middleware/templates/rescues/_trace.html.erb (3.2ms)
  Rendered /Users/kurt.gardner/.rvm/gems/ruby-2.2.1/gems/actionpack-4.2.5/lib/action_dispatch/middleware/templates/rescues/_request_and_response.html.erb (0.8ms)
  Rendered /Users/kurt.gardner/.rvm/gems/ruby-2.2.1/gems/actionpack-4.2.5/lib/action_dispatch/middleware/templates/rescues/template_error.html.erb within rescues/layout (48.5ms)
  Rendered /Users/kurt.gardner/.rvm/gems/ruby-2.2.1/gems/web-console-2.3.0/lib/web_console/templates/_markup.html.erb (0.4ms)
  Rendered /Users/kurt.gardner/.rvm/gems/ruby-2.2.1/gems/web-console-2.3.0/lib/web_console/templates/_inner_console_markup.html.erb within layouts/inlined_string (0.2ms)
  Rendered /Users/kurt.gardner/.rvm/gems/ruby-2.2.1/gems/web-console-2.3.0/lib/web_console/templates/_prompt_box_markup.html.erb within layouts/inlined_string (0.3ms)
  Rendered /Users/kurt.gardner/.rvm/gems/ruby-2.2.1/gems/web-console-2.3.0/lib/web_console/templates/style.css.erb within layouts/inlined_string (0.3ms)
  Rendered /Users/kurt.gardner/.rvm/gems/ruby-2.2.1/gems/web-console-2.3.0/lib/web_console/templates/console.js.erb within layouts/javascript (35.4ms)
  Rendered /Users/kurt.gardner/.rvm/gems/ruby-2.2.1/gems/web-console-2.3.0/lib/web_console/templates/main.js.erb within layouts/javascript (0.2ms)
  Rendered /Users/kurt.gardner/.rvm/gems/ruby-2.2.1/gems/web-console-2.3.0/lib/web_console/templates/error_page.js.erb within layouts/javascript (0.5ms)
  Rendered /Users/kurt.gardner/.rvm/gems/ruby-2.2.1/gems/web-console-2.3.0/lib/web_console/templates/index.html.erb (80.1ms)


Started GET "/welcome/index" for ::1 at 2016-06-20 07:32:58 -0600
Processing by WelcomeController#index as HTML
  Rendered welcome/index.html.erb within layouts/application (0.1ms)
Completed 500 Internal Server Error in 24ms (ActiveRecord: 0.0ms)

ActionView::Template::Error (File to import not found or unreadable: bootstrap-sprockets.
Load paths:
  /Users/kurt.gardner/Documents/Bloc/code/todo/app/assets/images
  /Users/kurt.gardner/Documents/Bloc/code/todo/app/assets/javascripts
  /Users/kurt.gardner/Documents/Bloc/code/todo/app/assets/stylesheets
  /Users/kurt.gardner/Documents/Bloc/code/todo/vendor/assets/javascripts
  /Users/kurt.gardner/Documents/Bloc/code/todo/vendor/assets/stylesheets
  /Users/kurt.gardner/.rvm/gems/ruby-2.2.1/gems/turbolinks-2.5.3/lib/assets/javascripts
  /Users/kurt.gardner/.rvm/gems/ruby-2.2.1/gems/jquery-rails-4.1.1/vendor/assets/javascripts
  /Users/kurt.gardner/.rvm/gems/ruby-2.2.1/gems/coffee-rails-4.1.1/lib/assets/javascripts
  /Users/kurt.gardner/.rvm/gems/ruby-2.2.1/gems/bootstrap-4.0.0.alpha3/assets/stylesheets
  /Users/kurt.gardner/.rvm/gems/ruby-2.2.1/gems/bootstrap-4.0.0.alpha3/assets/javascripts
  /Users/kurt.gardner/.rvm/gems/ruby-2.2.1/gems/bootstrap-4.0.0.alpha3/assets/stylesheets
  /Users/kurt.gardner/.rvm/gems/ruby-2.2.1/gems/bootstrap-4.0.0.alpha3/assets/javascripts
  /Users/kurt.gardner/.rvm/gems/ruby-2.2.1/gems/bootstrap-4.0.0.alpha3/assets/fonts
  /Users/kurt.gardner/.rvm/gems/ruby-2.2.1/gems/bootstrap-4.0.0.alpha3/assets/images
  /Users/kurt.gardner/.rvm/gems/ruby-2.2.1/gems/bootstrap-4.0.0.alpha3/assets/stylesheets
  /Users/kurt.gardner/.rvm/gems/ruby-2.2.1/gems/bootstrap-4.0.0.alpha3/assets/stylesheets):
    3: <head>
    4:   <title>ToDo</title>
    5:   <meta name="viewport" content="width=device-width, initial-scale=1">
    6:   <%= stylesheet_link_tag    'application', media: 'all', 'data-turbolinks-track' => true %>
    7:   <%= javascript_include_tag 'application', 'data-turbolinks-track' => true %>
    8:   <%= csrf_meta_tags %>
    9: </head>
  app/assets/stylesheets/application.scss:1
  app/views/layouts/application.html.erb:6:in `_app_views_layouts_application_html_erb___3634428408015242232_70183691307660'


  Rendered /Users/kurt.gardner/.rvm/gems/ruby-2.2.1/gems/actionpack-4.2.5/lib/action_dispatch/middleware/templates/rescues/_source.erb (17.2ms)
  Rendered /Users/kurt.gardner/.rvm/gems/ruby-2.2.1/gems/actionpack-4.2.5/lib/action_dispatch/middleware/templates/rescues/_trace.html.erb (4.5ms)
  Rendered /Users/kurt.gardner/.rvm/gems/ruby-2.2.1/gems/actionpack-4.2.5/lib/action_dispatch/middleware/templates/rescues/_request_and_response.html.erb (1.1ms)
  Rendered /Users/kurt.gardner/.rvm/gems/ruby-2.2.1/gems/actionpack-4.2.5/lib/action_dispatch/middleware/templates/rescues/template_error.html.erb within rescues/layout (61.4ms)
  Rendered /Users/kurt.gardner/.rvm/gems/ruby-2.2.1/gems/web-console-2.3.0/lib/web_console/templates/_markup.html.erb (0.3ms)
  Rendered /Users/kurt.gardner/.rvm/gems/ruby-2.2.1/gems/web-console-2.3.0/lib/web_console/templates/_inner_console_markup.html.erb within layouts/inlined_string (0.6ms)
  Rendered /Users/kurt.gardner/.rvm/gems/ruby-2.2.1/gems/web-console-2.3.0/lib/web_console/templates/_prompt_box_markup.html.erb within layouts/inlined_string (0.6ms)
  Rendered /Users/kurt.gardner/.rvm/gems/ruby-2.2.1/gems/web-console-2.3.0/lib/web_console/templates/style.css.erb within layouts/inlined_string (0.3ms)
  Rendered /Users/kurt.gardner/.rvm/gems/ruby-2.2.1/gems/web-console-2.3.0/lib/web_console/templates/console.js.erb within layouts/javascript (36.0ms)
  Rendered /Users/kurt.gardner/.rvm/gems/ruby-2.2.1/gems/web-console-2.3.0/lib/web_console/templates/main.js.erb within layouts/javascript (0.5ms)
  Rendered /Users/kurt.gardner/.rvm/gems/ruby-2.2.1/gems/web-console-2.3.0/lib/web_console/templates/error_page.js.erb within layouts/javascript (0.3ms)
  Rendered /Users/kurt.gardner/.rvm/gems/ruby-2.2.1/gems/web-console-2.3.0/lib/web_console/templates/index.html.erb (80.2ms)


Started GET "/welcome/index" for ::1 at 2016-06-20 07:33:22 -0600
Processing by WelcomeController#index as HTML
  Rendered welcome/index.html.erb within layouts/application (0.0ms)
Completed 200 OK in 2460ms (Views: 2458.8ms | ActiveRecord: 0.0ms)


Started GET "/assets/welcome.self-877aef30ae1b040ab8a3aba4e3e309a11d7f2612f44dde450b5c157aa5f95c05.js?body=1" for ::1 at 2016-06-20 07:33:25 -0600


Started GET "/assets/bootstrap.self-e7dfe29e9f594eb85eead62e3ed95df169b0fc3d21fe0468a812e399c9fcc604.js?body=1" for ::1 at 2016-06-20 07:33:25 -0600


Started GET "/assets/application.self-000c0f0d611958130a72a86c9582dee035dafc8f9971088b589f01ba3424e1ca.css?body=1" for ::1 at 2016-06-20 07:33:25 -0600


Started GET "/assets/jquery.self-660adc51e0224b731d29f575a6f1ec167ba08ad06ed5deca4f1e8654c135bf4c.js?body=1" for ::1 at 2016-06-20 07:33:25 -0600


Started GET "/assets/turbolinks.self-c37727e9bd6b2735da5c311aa83fead54ed0be6cc8bd9a65309e9c5abe2cbfff.js?body=1" for ::1 at 2016-06-20 07:33:25 -0600


Started GET "/assets/application.self-f8806224e027f3e3f0138ea9ce99319e298dfdb323304d1f1be6eae8e8c74724.js?body=1" for ::1 at 2016-06-20 07:33:25 -0600


Started GET "/assets/jquery_ujs.self-e87806d0cf4489aeb1bb7288016024e8de67fd18db693fe026fe3907581e53cd.js?body=1" for ::1 at 2016-06-20 07:33:25 -0600


Started GET "/welcome/index" for ::1 at 2016-06-20 07:35:43 -0600
Processing by WelcomeController#index as HTML
  Rendered welcome/index.html.erb within layouts/application (0.3ms)
Completed 200 OK in 39ms (Views: 38.7ms | ActiveRecord: 0.0ms)


Started GET "/assets/jquery.self-660adc51e0224b731d29f575a6f1ec167ba08ad06ed5deca4f1e8654c135bf4c.js?body=1" for ::1 at 2016-06-20 07:35:43 -0600


Started GET "/assets/jquery_ujs.self-e87806d0cf4489aeb1bb7288016024e8de67fd18db693fe026fe3907581e53cd.js?body=1" for ::1 at 2016-06-20 07:35:43 -0600


Started GET "/assets/application.self-000c0f0d611958130a72a86c9582dee035dafc8f9971088b589f01ba3424e1ca.css?body=1" for ::1 at 2016-06-20 07:35:43 -0600


Started GET "/assets/turbolinks.self-c37727e9bd6b2735da5c311aa83fead54ed0be6cc8bd9a65309e9c5abe2cbfff.js?body=1" for ::1 at 2016-06-20 07:35:43 -0600


Started GET "/assets/application.self-f8806224e027f3e3f0138ea9ce99319e298dfdb323304d1f1be6eae8e8c74724.js?body=1" for ::1 at 2016-06-20 07:35:43 -0600


Started GET "/assets/bootstrap.self-e7dfe29e9f594eb85eead62e3ed95df169b0fc3d21fe0468a812e399c9fcc604.js?body=1" for ::1 at 2016-06-20 07:35:43 -0600


Started GET "/assets/welcome.self-877aef30ae1b040ab8a3aba4e3e309a11d7f2612f44dde450b5c157aa5f95c05.js?body=1" for ::1 at 2016-06-20 07:35:43 -0600


Started GET "/welcome/index" for ::1 at 2016-06-20 07:35:57 -0600
Processing by WelcomeController#index as HTML
  Rendered welcome/index.html.erb within layouts/application (0.1ms)
Completed 500 Internal Server Error in 44ms (ActiveRecord: 0.0ms)

ActionView::Template::Error (File to import not found or unreadable: bootstrap-sprockets.
Load paths:
  /Users/kurt.gardner/Documents/Bloc/code/todo/app/assets/images
  /Users/kurt.gardner/Documents/Bloc/code/todo/app/assets/javascripts
  /Users/kurt.gardner/Documents/Bloc/code/todo/app/assets/stylesheets
  /Users/kurt.gardner/Documents/Bloc/code/todo/vendor/assets/javascripts
  /Users/kurt.gardner/Documents/Bloc/code/todo/vendor/assets/stylesheets
  /Users/kurt.gardner/.rvm/gems/ruby-2.2.1/gems/turbolinks-2.5.3/lib/assets/javascripts
  /Users/kurt.gardner/.rvm/gems/ruby-2.2.1/gems/jquery-rails-4.1.1/vendor/assets/javascripts
  /Users/kurt.gardner/.rvm/gems/ruby-2.2.1/gems/coffee-rails-4.1.1/lib/assets/javascripts
  /Users/kurt.gardner/.rvm/gems/ruby-2.2.1/gems/bootstrap-4.0.0.alpha3/assets/stylesheets
  /Users/kurt.gardner/.rvm/gems/ruby-2.2.1/gems/bootstrap-4.0.0.alpha3/assets/javascripts
  /Users/kurt.gardner/.rvm/gems/ruby-2.2.1/gems/bootstrap-4.0.0.alpha3/assets/stylesheets
  /Users/kurt.gardner/.rvm/gems/ruby-2.2.1/gems/bootstrap-4.0.0.alpha3/assets/javascripts
  /Users/kurt.gardner/.rvm/gems/ruby-2.2.1/gems/bootstrap-4.0.0.alpha3/assets/fonts
  /Users/kurt.gardner/.rvm/gems/ruby-2.2.1/gems/bootstrap-4.0.0.alpha3/assets/images
  /Users/kurt.gardner/.rvm/gems/ruby-2.2.1/gems/bootstrap-4.0.0.alpha3/assets/stylesheets
  /Users/kurt.gardner/.rvm/gems/ruby-2.2.1/gems/bootstrap-4.0.0.alpha3/assets/stylesheets):
    3: <head>
    4:   <title>ToDo</title>
    5:   <meta name="viewport" content="width=device-width, initial-scale=1">
    6:   <%= stylesheet_link_tag    'application', media: 'all', 'data-turbolinks-track' => true %>
    7:   <%= javascript_include_tag 'application', 'data-turbolinks-track' => true %>
    8:   <%= csrf_meta_tags %>
    9: </head>
  app/assets/stylesheets/application.scss:1
  app/views/layouts/application.html.erb:6:in `_app_views_layouts_application_html_erb___3634428408015242232_70183691307660'


  Rendered /Users/kurt.gardner/.rvm/gems/ruby-2.2.1/gems/actionpack-4.2.5/lib/action_dispatch/middleware/templates/rescues/_source.erb (9.9ms)
  Rendered /Users/kurt.gardner/.rvm/gems/ruby-2.2.1/gems/actionpack-4.2.5/lib/action_dispatch/middleware/templates/rescues/_trace.html.erb (4.1ms)
  Rendered /Users/kurt.gardner/.rvm/gems/ruby-2.2.1/gems/actionpack-4.2.5/lib/action_dispatch/middleware/templates/rescues/_request_and_response.html.erb (0.8ms)
  Rendered /Users/kurt.gardner/.rvm/gems/ruby-2.2.1/gems/actionpack-4.2.5/lib/action_dispatch/middleware/templates/rescues/template_error.html.erb within rescues/layout (51.1ms)
  Rendered /Users/kurt.gardner/.rvm/gems/ruby-2.2.1/gems/web-console-2.3.0/lib/web_console/templates/_markup.html.erb (0.4ms)
  Rendered /Users/kurt.gardner/.rvm/gems/ruby-2.2.1/gems/web-console-2.3.0/lib/web_console/templates/_inner_console_markup.html.erb within layouts/inlined_string (0.4ms)
  Rendered /Users/kurt.gardner/.rvm/gems/ruby-2.2.1/gems/web-console-2.3.0/lib/web_console/templates/_prompt_box_markup.html.erb within layouts/inlined_string (0.4ms)
  Rendered /Users/kurt.gardner/.rvm/gems/ruby-2.2.1/gems/web-console-2.3.0/lib/web_console/templates/style.css.erb within layouts/inlined_string (0.4ms)
  Rendered /Users/kurt.gardner/.rvm/gems/ruby-2.2.1/gems/web-console-2.3.0/lib/web_console/templates/console.js.erb within layouts/javascript (42.8ms)
  Rendered /Users/kurt.gardner/.rvm/gems/ruby-2.2.1/gems/web-console-2.3.0/lib/web_console/templates/main.js.erb within layouts/javascript (0.3ms)
  Rendered /Users/kurt.gardner/.rvm/gems/ruby-2.2.1/gems/web-console-2.3.0/lib/web_console/templates/error_page.js.erb within layouts/javascript (0.5ms)
  Rendered /Users/kurt.gardner/.rvm/gems/ruby-2.2.1/gems/web-console-2.3.0/lib/web_console/templates/index.html.erb (88.7ms)


Started GET "/" for ::1 at 2016-06-20 07:41:13 -0600
Processing by WelcomeController#index as HTML
  Rendered welcome/index.html.erb within layouts/application (1.5ms)
Completed 500 Internal Server Error in 242ms (ActiveRecord: 0.0ms)

ActionView::Template::Error (File to import not found or unreadable: bootstrap-sprockets.
Load paths:
  /Users/kurt.gardner/Documents/Bloc/code/todo/app/assets/images
  /Users/kurt.gardner/Documents/Bloc/code/todo/app/assets/javascripts
  /Users/kurt.gardner/Documents/Bloc/code/todo/app/assets/stylesheets
  /Users/kurt.gardner/Documents/Bloc/code/todo/vendor/assets/javascripts
  /Users/kurt.gardner/Documents/Bloc/code/todo/vendor/assets/stylesheets
  /Users/kurt.gardner/.rvm/gems/ruby-2.2.1/gems/turbolinks-2.5.3/lib/assets/javascripts
  /Users/kurt.gardner/.rvm/gems/ruby-2.2.1/gems/jquery-rails-4.1.1/vendor/assets/javascripts
  /Users/kurt.gardner/.rvm/gems/ruby-2.2.1/gems/coffee-rails-4.1.1/lib/assets/javascripts
  /Users/kurt.gardner/.rvm/gems/ruby-2.2.1/gems/bootstrap-4.0.0.alpha3/assets/stylesheets
  /Users/kurt.gardner/.rvm/gems/ruby-2.2.1/gems/bootstrap-4.0.0.alpha3/assets/javascripts
  /Users/kurt.gardner/.rvm/gems/ruby-2.2.1/gems/bootstrap-4.0.0.alpha3/assets/stylesheets
  /Users/kurt.gardner/.rvm/gems/ruby-2.2.1/gems/bootstrap-4.0.0.alpha3/assets/javascripts
  /Users/kurt.gardner/.rvm/gems/ruby-2.2.1/gems/bootstrap-4.0.0.alpha3/assets/fonts
  /Users/kurt.gardner/.rvm/gems/ruby-2.2.1/gems/bootstrap-4.0.0.alpha3/assets/images
  /Users/kurt.gardner/.rvm/gems/ruby-2.2.1/gems/bootstrap-4.0.0.alpha3/assets/stylesheets
  /Users/kurt.gardner/.rvm/gems/ruby-2.2.1/gems/bootstrap-4.0.0.alpha3/assets/stylesheets):
    3: <head>
    4:   <title>ToDo</title>
    5:   <meta name="viewport" content="width=device-width, initial-scale=1">
    6:   <%= stylesheet_link_tag    'application', media: 'all', 'data-turbolinks-track' => true %>
    7:   <%= javascript_include_tag 'application', 'data-turbolinks-track' => true %>
    8:   <%= csrf_meta_tags %>
    9: </head>
  app/assets/stylesheets/application.scss:1
  app/views/layouts/application.html.erb:6:in `_app_views_layouts_application_html_erb__1192504462934759629_70145910401000'


  Rendered /Users/kurt.gardner/.rvm/gems/ruby-2.2.1/gems/actionpack-4.2.5/lib/action_dispatch/middleware/templates/rescues/_source.erb (9.0ms)
  Rendered /Users/kurt.gardner/.rvm/gems/ruby-2.2.1/gems/actionpack-4.2.5/lib/action_dispatch/middleware/templates/rescues/_trace.html.erb (3.1ms)
  Rendered /Users/kurt.gardner/.rvm/gems/ruby-2.2.1/gems/actionpack-4.2.5/lib/action_dispatch/middleware/templates/rescues/_request_and_response.html.erb (1.1ms)
  Rendered /Users/kurt.gardner/.rvm/gems/ruby-2.2.1/gems/actionpack-4.2.5/lib/action_dispatch/middleware/templates/rescues/template_error.html.erb within rescues/layout (56.5ms)
  Rendered /Users/kurt.gardner/.rvm/gems/ruby-2.2.1/gems/web-console-2.3.0/lib/web_console/templates/_markup.html.erb (0.4ms)
  Rendered /Users/kurt.gardner/.rvm/gems/ruby-2.2.1/gems/web-console-2.3.0/lib/web_console/templates/_inner_console_markup.html.erb within layouts/inlined_string (0.3ms)
  Rendered /Users/kurt.gardner/.rvm/gems/ruby-2.2.1/gems/web-console-2.3.0/lib/web_console/templates/_prompt_box_markup.html.erb within layouts/inlined_string (0.4ms)
  Rendered /Users/kurt.gardner/.rvm/gems/ruby-2.2.1/gems/web-console-2.3.0/lib/web_console/templates/style.css.erb within layouts/inlined_string (0.3ms)
  Rendered /Users/kurt.gardner/.rvm/gems/ruby-2.2.1/gems/web-console-2.3.0/lib/web_console/templates/console.js.erb within layouts/javascript (412.3ms)
  Rendered /Users/kurt.gardner/.rvm/gems/ruby-2.2.1/gems/web-console-2.3.0/lib/web_console/templates/main.js.erb within layouts/javascript (0.5ms)
  Rendered /Users/kurt.gardner/.rvm/gems/ruby-2.2.1/gems/web-console-2.3.0/lib/web_console/templates/error_page.js.erb within layouts/javascript (0.4ms)
  Rendered /Users/kurt.gardner/.rvm/gems/ruby-2.2.1/gems/web-console-2.3.0/lib/web_console/templates/index.html.erb (465.7ms)


Started GET "/" for ::1 at 2016-06-20 07:47:33 -0600
Processing by WelcomeController#index as HTML
  Rendered welcome/index.html.erb within layouts/application (0.0ms)
Completed 200 OK in 1446ms (Views: 1445.4ms | ActiveRecord: 0.0ms)


Started GET "/assets/application.self-000c0f0d611958130a72a86c9582dee035dafc8f9971088b589f01ba3424e1ca.css?body=1" for ::1 at 2016-06-20 07:47:35 -0600


Started GET "/assets/jquery_ujs.self-e87806d0cf4489aeb1bb7288016024e8de67fd18db693fe026fe3907581e53cd.js?body=1" for ::1 at 2016-06-20 07:47:35 -0600


Started GET "/assets/turbolinks.self-c37727e9bd6b2735da5c311aa83fead54ed0be6cc8bd9a65309e9c5abe2cbfff.js?body=1" for ::1 at 2016-06-20 07:47:35 -0600


Started GET "/assets/jquery.self-660adc51e0224b731d29f575a6f1ec167ba08ad06ed5deca4f1e8654c135bf4c.js?body=1" for ::1 at 2016-06-20 07:47:35 -0600


Started GET "/assets/bootstrap.self-e7dfe29e9f594eb85eead62e3ed95df169b0fc3d21fe0468a812e399c9fcc604.js?body=1" for ::1 at 2016-06-20 07:47:35 -0600


Started GET "/assets/welcome.self-877aef30ae1b040ab8a3aba4e3e309a11d7f2612f44dde450b5c157aa5f95c05.js?body=1" for ::1 at 2016-06-20 07:47:35 -0600


Started GET "/assets/application.self-f8806224e027f3e3f0138ea9ce99319e298dfdb323304d1f1be6eae8e8c74724.js?body=1" for ::1 at 2016-06-20 07:47:35 -0600
  [1m[36m (1.1ms)[0m  [1mCREATE TABLE "schema_migrations" ("version" varchar NOT NULL) [0m
  [1m[35m (0.4ms)[0m  select sqlite_version(*)
  [1m[36m (0.9ms)[0m  [1mCREATE UNIQUE INDEX "unique_schema_migrations" ON "schema_migrations" ("version")[0m
  [1m[35mActiveRecord::SchemaMigration Load (0.1ms)[0m  SELECT "schema_migrations".* FROM "schema_migrations"
Migrating to CreateUsers (20160628184930)
  [1m[36m (0.1ms)[0m  [1mbegin transaction[0m
  [1m[35m (0.8ms)[0m  CREATE TABLE "users" ("id" INTEGER PRIMARY KEY AUTOINCREMENT NOT NULL, "created_at" datetime NOT NULL, "updated_at" datetime NOT NULL) 
  [1m[36mSQL (0.2ms)[0m  [1mINSERT INTO "schema_migrations" ("version") VALUES (?)[0m  [["version", "20160628184930"]]
  [1m[35m (0.7ms)[0m  commit transaction
Migrating to CreateLists (20160628184938)
  [1m[36m (0.1ms)[0m  [1mbegin transaction[0m
  [1m[35m (0.3ms)[0m  CREATE TABLE "lists" ("id" INTEGER PRIMARY KEY AUTOINCREMENT NOT NULL, "created_at" datetime NOT NULL, "updated_at" datetime NOT NULL) 
  [1m[36mSQL (0.1ms)[0m  [1mINSERT INTO "schema_migrations" ("version") VALUES (?)[0m  [["version", "20160628184938"]]
  [1m[35m (0.8ms)[0m  commit transaction
Migrating to CreateItems (20160628184946)
  [1m[36m (0.1ms)[0m  [1mbegin transaction[0m
  [1m[35m (0.3ms)[0m  CREATE TABLE "items" ("id" INTEGER PRIMARY KEY AUTOINCREMENT NOT NULL, "created_at" datetime NOT NULL, "updated_at" datetime NOT NULL) 
  [1m[36mSQL (0.1ms)[0m  [1mINSERT INTO "schema_migrations" ("version") VALUES (?)[0m  [["version", "20160628184946"]]
  [1m[35m (0.8ms)[0m  commit transaction
  [1m[36mActiveRecord::SchemaMigration Load (0.1ms)[0m  [1mSELECT "schema_migrations".* FROM "schema_migrations"[0m
  [1m[36mActiveRecord::SchemaMigration Load (0.1ms)[0m  [1mSELECT "schema_migrations".* FROM "schema_migrations"[0m
  [1m[35mActiveRecord::SchemaMigration Load (0.1ms)[0m  SELECT "schema_migrations".* FROM "schema_migrations"
  [1m[36mUser Load (0.6ms)[0m  [1mSELECT  "users".* FROM "users"  ORDER BY "users"."id" ASC LIMIT 1[0m
  [1m[36mUser Load (0.1ms)[0m  [1mSELECT  "users".* FROM "users"  ORDER BY "users"."id" ASC LIMIT 1[0m
  [1m[36mUser Load (0.1ms)[0m  [1mSELECT  "users".* FROM "users"  ORDER BY "users"."id" ASC LIMIT 1[0m
  [1m[35mUser Load (0.3ms)[0m  SELECT  "users".* FROM "users"  ORDER BY "users"."id" ASC LIMIT 1
  [1m[36mUser Load (0.1ms)[0m  [1mSELECT  "users".* FROM "users"  ORDER BY "users"."id" ASC LIMIT 1[0m
  [1m[35m (0.2ms)[0m  begin transaction
  [1m[36mSQL (0.4ms)[0m  [1mINSERT INTO "users" ("created_at", "updated_at") VALUES (?, ?)[0m  [["created_at", "2016-06-29 01:41:22.821784"], ["updated_at", "2016-06-29 01:41:22.821784"]]
  [1m[35m (1.3ms)[0m  commit transaction
  [1m[36mUser Load (1.7ms)[0m  [1mSELECT  "users".* FROM "users"  ORDER BY "users"."id" ASC LIMIT 1[0m
  [1m[35mUser Load (0.2ms)[0m  SELECT  "users".* FROM "users"  ORDER BY "users"."id" ASC LIMIT 1
  [1m[36m (0.4ms)[0m  [1mbegin transaction[0m
  [1m[35mSQL (0.4ms)[0m  INSERT INTO "lists" ("created_at", "updated_at") VALUES (?, ?)  [["created_at", "2016-06-29 01:53:13.262960"], ["updated_at", "2016-06-29 01:53:13.262960"]]
  [1m[36m (0.8ms)[0m  [1mcommit transaction[0m
  [1m[35mList Load (0.3ms)[0m  SELECT  "lists".* FROM "lists"  ORDER BY "lists"."id" ASC LIMIT 1
  [1m[36mList Load (0.4ms)[0m  [1mSELECT  "lists".* FROM "lists"  ORDER BY "lists"."id" ASC LIMIT 1[0m
  [1m[35m (0.1ms)[0m  begin transaction
  [1m[36mSQL (0.4ms)[0m  [1mINSERT INTO "items" ("created_at", "updated_at") VALUES (?, ?)[0m  [["created_at", "2016-06-29 01:55:56.668944"], ["updated_at", "2016-06-29 01:55:56.668944"]]
  [1m[35m (1.2ms)[0m  commit transaction
  [1m[36mItem Load (2.1ms)[0m  [1mSELECT  "items".* FROM "items"  ORDER BY "items"."id" ASC LIMIT 1[0m
  [1m[35mItem Load (0.2ms)[0m  SELECT  "items".* FROM "items"  ORDER BY "items"."id" ASC LIMIT 1
  [1m[36mActiveRecord::SchemaMigration Load (0.4ms)[0m  [1mSELECT "schema_migrations".* FROM "schema_migrations"[0m
  [1m[35mActiveRecord::SchemaMigration Load (0.1ms)[0m  SELECT "schema_migrations".* FROM "schema_migrations"
  [1m[36mActiveRecord::SchemaMigration Load (0.1ms)[0m  [1mSELECT "schema_migrations".* FROM "schema_migrations"[0m
  [1m[35mActiveRecord::SchemaMigration Load (0.1ms)[0m  SELECT "schema_migrations".* FROM "schema_migrations"


Started GET "/" for ::1 at 2016-07-07 21:41:03 -0600
  [1m[36mActiveRecord::SchemaMigration Load (0.2ms)[0m  [1mSELECT "schema_migrations".* FROM "schema_migrations"[0m
Processing by WelcomeController#index as HTML
  Rendered welcome/index.html.erb within layouts/application (1.7ms)
Completed 200 OK in 558ms (Views: 548.7ms | ActiveRecord: 0.0ms)


Started GET "/assets/application.self-000c0f0d611958130a72a86c9582dee035dafc8f9971088b589f01ba3424e1ca.css?body=1" for ::1 at 2016-07-07 21:41:04 -0600


Started GET "/assets/bootstrap.self-e7dfe29e9f594eb85eead62e3ed95df169b0fc3d21fe0468a812e399c9fcc604.js?body=1" for ::1 at 2016-07-07 21:41:04 -0600


Started GET "/assets/api.self-877aef30ae1b040ab8a3aba4e3e309a11d7f2612f44dde450b5c157aa5f95c05.js?body=1" for ::1 at 2016-07-07 21:41:04 -0600


Started GET "/assets/users.self-877aef30ae1b040ab8a3aba4e3e309a11d7f2612f44dde450b5c157aa5f95c05.js?body=1" for ::1 at 2016-07-07 21:41:04 -0600


Started GET "/assets/welcome.self-877aef30ae1b040ab8a3aba4e3e309a11d7f2612f44dde450b5c157aa5f95c05.js?body=1" for ::1 at 2016-07-07 21:41:04 -0600


Started GET "/assets/application.self-f8806224e027f3e3f0138ea9ce99319e298dfdb323304d1f1be6eae8e8c74724.js?body=1" for ::1 at 2016-07-07 21:41:04 -0600


Started GET "/api/users/" for ::1 at 2016-07-07 21:41:13 -0600
Processing by Api::UsersController#index as JSON
  [1m[35mUser Load (0.5ms)[0m  SELECT "users".* FROM "users" WHERE "users"."username" = 'username' AND "users"."password" = 'password'
Completed 500 Internal Server Error in 12ms (ActiveRecord: 0.7ms)

ActiveRecord::StatementInvalid (SQLite3::SQLException: no such column: users.username: SELECT "users".* FROM "users" WHERE "users"."username" = 'username' AND "users"."password" = 'password'):
  app/controllers/api_controller.rb:7:in `block in authenticated?'
  app/controllers/api_controller.rb:7:in `authenticated?'


  Rendered /Users/kurt.gardner/.rvm/gems/ruby-2.2.1/gems/actionpack-4.2.5/lib/action_dispatch/middleware/templates/rescues/_source.erb (6.4ms)
  Rendered /Users/kurt.gardner/.rvm/gems/ruby-2.2.1/gems/actionpack-4.2.5/lib/action_dispatch/middleware/templates/rescues/_trace.html.erb (2.2ms)
  Rendered /Users/kurt.gardner/.rvm/gems/ruby-2.2.1/gems/actionpack-4.2.5/lib/action_dispatch/middleware/templates/rescues/_request_and_response.html.erb (1.3ms)
  Rendered /Users/kurt.gardner/.rvm/gems/ruby-2.2.1/gems/actionpack-4.2.5/lib/action_dispatch/middleware/templates/rescues/diagnostics.html.erb within rescues/layout (49.8ms)
  Rendered /Users/kurt.gardner/.rvm/gems/ruby-2.2.1/gems/web-console-2.3.0/lib/web_console/templates/_markup.html.erb (0.6ms)
  Rendered /Users/kurt.gardner/.rvm/gems/ruby-2.2.1/gems/web-console-2.3.0/lib/web_console/templates/_inner_console_markup.html.erb within layouts/inlined_string (0.3ms)
  Rendered /Users/kurt.gardner/.rvm/gems/ruby-2.2.1/gems/web-console-2.3.0/lib/web_console/templates/_prompt_box_markup.html.erb within layouts/inlined_string (0.3ms)
  Rendered /Users/kurt.gardner/.rvm/gems/ruby-2.2.1/gems/web-console-2.3.0/lib/web_console/templates/style.css.erb within layouts/inlined_string (0.4ms)
  Rendered /Users/kurt.gardner/.rvm/gems/ruby-2.2.1/gems/web-console-2.3.0/lib/web_console/templates/console.js.erb within layouts/javascript (398.0ms)
  Rendered /Users/kurt.gardner/.rvm/gems/ruby-2.2.1/gems/web-console-2.3.0/lib/web_console/templates/main.js.erb within layouts/javascript (0.3ms)
  Rendered /Users/kurt.gardner/.rvm/gems/ruby-2.2.1/gems/web-console-2.3.0/lib/web_console/templates/error_page.js.erb within layouts/javascript (0.5ms)
  Rendered /Users/kurt.gardner/.rvm/gems/ruby-2.2.1/gems/web-console-2.3.0/lib/web_console/templates/index.html.erb (450.7ms)


Started GET "/api/users/" for ::1 at 2016-07-07 21:45:36 -0600
Processing by Api::UsersController#index as JSON
  [1m[36mUser Load (0.5ms)[0m  [1mSELECT "users".* FROM "users" WHERE "users"."username" = 'kurt.gardner' AND "users"."password" = 'dog12378'[0m
Completed 500 Internal Server Error in 2ms (ActiveRecord: 0.5ms)

ActiveRecord::StatementInvalid (SQLite3::SQLException: no such column: users.username: SELECT "users".* FROM "users" WHERE "users"."username" = 'kurt.gardner' AND "users"."password" = 'dog12378'):
  app/controllers/api_controller.rb:7:in `block in authenticated?'
  app/controllers/api_controller.rb:7:in `authenticated?'


  Rendered /Users/kurt.gardner/.rvm/gems/ruby-2.2.1/gems/actionpack-4.2.5/lib/action_dispatch/middleware/templates/rescues/_source.erb (4.6ms)
  Rendered /Users/kurt.gardner/.rvm/gems/ruby-2.2.1/gems/actionpack-4.2.5/lib/action_dispatch/middleware/templates/rescues/_trace.html.erb (2.3ms)
  Rendered /Users/kurt.gardner/.rvm/gems/ruby-2.2.1/gems/actionpack-4.2.5/lib/action_dispatch/middleware/templates/rescues/_request_and_response.html.erb (0.8ms)
  Rendered /Users/kurt.gardner/.rvm/gems/ruby-2.2.1/gems/actionpack-4.2.5/lib/action_dispatch/middleware/templates/rescues/diagnostics.html.erb within rescues/layout (46.2ms)
  Rendered /Users/kurt.gardner/.rvm/gems/ruby-2.2.1/gems/web-console-2.3.0/lib/web_console/templates/_markup.html.erb (0.4ms)
  Rendered /Users/kurt.gardner/.rvm/gems/ruby-2.2.1/gems/web-console-2.3.0/lib/web_console/templates/_inner_console_markup.html.erb within layouts/inlined_string (0.3ms)
  Rendered /Users/kurt.gardner/.rvm/gems/ruby-2.2.1/gems/web-console-2.3.0/lib/web_console/templates/_prompt_box_markup.html.erb within layouts/inlined_string (0.2ms)
  Rendered /Users/kurt.gardner/.rvm/gems/ruby-2.2.1/gems/web-console-2.3.0/lib/web_console/templates/style.css.erb within layouts/inlined_string (0.3ms)
  Rendered /Users/kurt.gardner/.rvm/gems/ruby-2.2.1/gems/web-console-2.3.0/lib/web_console/templates/console.js.erb within layouts/javascript (33.9ms)
  Rendered /Users/kurt.gardner/.rvm/gems/ruby-2.2.1/gems/web-console-2.3.0/lib/web_console/templates/main.js.erb within layouts/javascript (0.2ms)
  Rendered /Users/kurt.gardner/.rvm/gems/ruby-2.2.1/gems/web-console-2.3.0/lib/web_console/templates/error_page.js.erb within layouts/javascript (0.3ms)
  Rendered /Users/kurt.gardner/.rvm/gems/ruby-2.2.1/gems/web-console-2.3.0/lib/web_console/templates/index.html.erb (79.0ms)
  [1m[36mActiveRecord::SchemaMigration Load (0.4ms)[0m  [1mSELECT "schema_migrations".* FROM "schema_migrations"[0m
Migrating to AddUsernameToUsers (20160708221829)
  [1m[35m (0.1ms)[0m  begin transaction
  [1m[36m (0.8ms)[0m  [1mALTER TABLE "users" ADD "username" varchar[0m
  [1m[35mSQL (0.2ms)[0m  INSERT INTO "schema_migrations" ("version") VALUES (?)  [["version", "20160708221829"]]
  [1m[36m (0.6ms)[0m  [1mcommit transaction[0m
  [1m[35mActiveRecord::SchemaMigration Load (0.2ms)[0m  SELECT "schema_migrations".* FROM "schema_migrations"
  [1m[36mActiveRecord::SchemaMigration Load (0.1ms)[0m  [1mSELECT "schema_migrations".* FROM "schema_migrations"[0m
Migrating to AddPasswordToUsers (20160708222129)
  [1m[35m (0.1ms)[0m  begin transaction
  [1m[36m (0.5ms)[0m  [1mALTER TABLE "users" ADD "password_digest" varchar[0m
  [1m[35mSQL (0.2ms)[0m  INSERT INTO "schema_migrations" ("version") VALUES (?)  [["version", "20160708222129"]]
  [1m[36m (1.3ms)[0m  [1mcommit transaction[0m
  [1m[35mActiveRecord::SchemaMigration Load (0.2ms)[0m  SELECT "schema_migrations".* FROM "schema_migrations"
  [1m[36mActiveRecord::SchemaMigration Load (0.1ms)[0m  [1mSELECT "schema_migrations".* FROM "schema_migrations"[0m
Migrating to AddEmailToUsers (20160708222219)
  [1m[35m (0.1ms)[0m  begin transaction
  [1m[36m (1.1ms)[0m  [1mALTER TABLE "users" ADD "email" varchar[0m
  [1m[35mSQL (0.3ms)[0m  INSERT INTO "schema_migrations" ("version") VALUES (?)  [["version", "20160708222219"]]
  [1m[36m (1.2ms)[0m  [1mcommit transaction[0m
  [1m[35mActiveRecord::SchemaMigration Load (0.1ms)[0m  SELECT "schema_migrations".* FROM "schema_migrations"
  [1m[36mUser Load (0.2ms)[0m  [1mSELECT  "users".* FROM "users"  ORDER BY "users"."id" ASC LIMIT 1[0m
  [1m[36mUser Load (0.1ms)[0m  [1mSELECT  "users".* FROM "users"  ORDER BY "users"."id" DESC LIMIT 1[0m
  [1m[35m (0.1ms)[0m  begin transaction
  [1m[36mSQL (0.4ms)[0m  [1mINSERT INTO "users" ("username", "password_digest", "email", "created_at", "updated_at") VALUES (?, ?, ?, ?, ?)[0m  [["username", "bob"], ["password_digest", "pass123"], ["email", "bob@bobemail.com"], ["created_at", "2016-07-08 22:32:19.135337"], ["updated_at", "2016-07-08 22:32:19.135337"]]
  [1m[35m (1.1ms)[0m  commit transaction
  [1m[36mUser Load (0.2ms)[0m  [1mSELECT  "users".* FROM "users"  ORDER BY "users"."id" DESC LIMIT 1[0m
  [1m[35m (0.1ms)[0m  begin transaction
  [1m[36mSQL (0.4ms)[0m  [1mINSERT INTO "users" ("username", "password_digest", "email", "created_at", "updated_at") VALUES (?, ?, ?, ?, ?)[0m  [["username", "joe"], ["password_digest", "pass1323"], ["email", "joe@bobemail.com"], ["created_at", "2016-07-08 22:33:46.685116"], ["updated_at", "2016-07-08 22:33:46.685116"]]
  [1m[35m (1.4ms)[0m  commit transaction
  [1m[36mUser Load (0.2ms)[0m  [1mSELECT  "users".* FROM "users"  ORDER BY "users"."id" DESC LIMIT 1[0m
  [1m[35m (0.1ms)[0m  begin transaction
  [1m[36mSQL (1.1ms)[0m  [1mINSERT INTO "users" ("username", "password_digest", "email", "created_at", "updated_at") VALUES (?, ?, ?, ?, ?)[0m  [["username", "admin"], ["password_digest", "pass123"], ["email", "admin@email.com"], ["created_at", "2016-07-08 22:35:32.737272"], ["updated_at", "2016-07-08 22:35:32.737272"]]
  [1m[35m (1.4ms)[0m  commit transaction
  [1m[36mUser Load (0.3ms)[0m  [1mSELECT  "users".* FROM "users"  ORDER BY "users"."id" DESC LIMIT 1[0m


Started GET "/" for ::1 at 2016-07-08 16:37:10 -0600
  [1m[36mActiveRecord::SchemaMigration Load (0.1ms)[0m  [1mSELECT "schema_migrations".* FROM "schema_migrations"[0m
Processing by WelcomeController#index as HTML
  Rendered welcome/index.html.erb within layouts/application (1.4ms)
Completed 200 OK in 431ms (Views: 419.6ms | ActiveRecord: 0.0ms)


Started GET "/" for ::1 at 2016-07-08 16:37:10 -0600
Processing by WelcomeController#index as HTML
  Rendered welcome/index.html.erb within layouts/application (0.1ms)
Completed 200 OK in 37ms (Views: 36.9ms | ActiveRecord: 0.0ms)


Started GET "/assets/application.self-000c0f0d611958130a72a86c9582dee035dafc8f9971088b589f01ba3424e1ca.css?body=1" for ::1 at 2016-07-08 16:37:11 -0600


Started GET "/assets/welcome.self-877aef30ae1b040ab8a3aba4e3e309a11d7f2612f44dde450b5c157aa5f95c05.js?body=1" for ::1 at 2016-07-08 16:37:11 -0600


Started GET "/assets/api.self-877aef30ae1b040ab8a3aba4e3e309a11d7f2612f44dde450b5c157aa5f95c05.js?body=1" for ::1 at 2016-07-08 16:37:11 -0600


Started GET "/assets/users.self-877aef30ae1b040ab8a3aba4e3e309a11d7f2612f44dde450b5c157aa5f95c05.js?body=1" for ::1 at 2016-07-08 16:37:11 -0600


Started GET "/assets/application.self-f8806224e027f3e3f0138ea9ce99319e298dfdb323304d1f1be6eae8e8c74724.js?body=1" for ::1 at 2016-07-08 16:37:11 -0600


Started GET "/api/users/" for ::1 at 2016-07-11 21:34:28 -0600
  [1m[36mActiveRecord::SchemaMigration Load (0.1ms)[0m  [1mSELECT "schema_migrations".* FROM "schema_migrations"[0m
Processing by Api::UsersController#index as JSON
  [1m[35mUser Load (0.9ms)[0m  SELECT "users".* FROM "users" WHERE "users"."username" = ? AND "users"."password" = 'password'  [["username", "username"]]
Completed 500 Internal Server Error in 23ms (ActiveRecord: 1.1ms)

ActiveRecord::StatementInvalid (SQLite3::SQLException: no such column: users.password: SELECT "users".* FROM "users" WHERE "users"."username" = ? AND "users"."password" = 'password'):
  app/controllers/api_controller.rb:9:in `block in authenticated?'
  app/controllers/api_controller.rb:9:in `authenticated?'


  Rendered /Users/kurt.gardner/.rvm/gems/ruby-2.2.1/gems/actionpack-4.2.5/lib/action_dispatch/middleware/templates/rescues/_source.erb (4.6ms)
  Rendered /Users/kurt.gardner/.rvm/gems/ruby-2.2.1/gems/actionpack-4.2.5/lib/action_dispatch/middleware/templates/rescues/_trace.html.erb (3.4ms)
  Rendered /Users/kurt.gardner/.rvm/gems/ruby-2.2.1/gems/actionpack-4.2.5/lib/action_dispatch/middleware/templates/rescues/_request_and_response.html.erb (1.5ms)
  Rendered /Users/kurt.gardner/.rvm/gems/ruby-2.2.1/gems/actionpack-4.2.5/lib/action_dispatch/middleware/templates/rescues/diagnostics.html.erb within rescues/layout (53.4ms)
  Rendered /Users/kurt.gardner/.rvm/gems/ruby-2.2.1/gems/web-console-2.3.0/lib/web_console/templates/_markup.html.erb (0.4ms)
  Rendered /Users/kurt.gardner/.rvm/gems/ruby-2.2.1/gems/web-console-2.3.0/lib/web_console/templates/_inner_console_markup.html.erb within layouts/inlined_string (0.3ms)
  Rendered /Users/kurt.gardner/.rvm/gems/ruby-2.2.1/gems/web-console-2.3.0/lib/web_console/templates/_prompt_box_markup.html.erb within layouts/inlined_string (0.3ms)
  Rendered /Users/kurt.gardner/.rvm/gems/ruby-2.2.1/gems/web-console-2.3.0/lib/web_console/templates/style.css.erb within layouts/inlined_string (0.3ms)
  Rendered /Users/kurt.gardner/.rvm/gems/ruby-2.2.1/gems/web-console-2.3.0/lib/web_console/templates/console.js.erb within layouts/javascript (442.6ms)
  Rendered /Users/kurt.gardner/.rvm/gems/ruby-2.2.1/gems/web-console-2.3.0/lib/web_console/templates/main.js.erb within layouts/javascript (0.3ms)
  Rendered /Users/kurt.gardner/.rvm/gems/ruby-2.2.1/gems/web-console-2.3.0/lib/web_console/templates/error_page.js.erb within layouts/javascript (0.4ms)
  Rendered /Users/kurt.gardner/.rvm/gems/ruby-2.2.1/gems/web-console-2.3.0/lib/web_console/templates/index.html.erb (502.0ms)
  [1m[36mUser Load (1.3ms)[0m  [1mSELECT "users".* FROM "users"[0m
  [1m[35mUser Load (0.2ms)[0m  SELECT  "users".* FROM "users"  ORDER BY "users"."id" DESC LIMIT 1


Started GET "/api/users/" for ::1 at 2016-07-11 21:46:21 -0600
  [1m[36mActiveRecord::SchemaMigration Load (0.1ms)[0m  [1mSELECT "schema_migrations".* FROM "schema_migrations"[0m
Processing by Api::UsersController#index as JSON
Filter chain halted as :authenticated? rendered or redirected
Completed 401 Unauthorized in 10ms (ActiveRecord: 0.0ms)


Started GET "/" for ::1 at 2016-07-11 21:46:28 -0600
Processing by WelcomeController#index as HTML
  Rendered welcome/index.html.erb within layouts/application (1.7ms)
Completed 200 OK in 354ms (Views: 352.8ms | ActiveRecord: 0.0ms)


Started GET "/assets/application.self-000c0f0d611958130a72a86c9582dee035dafc8f9971088b589f01ba3424e1ca.css?body=1" for ::1 at 2016-07-11 21:46:29 -0600


Started GET "/assets/bootstrap.self-e7dfe29e9f594eb85eead62e3ed95df169b0fc3d21fe0468a812e399c9fcc604.js?body=1" for ::1 at 2016-07-11 21:46:29 -0600


Started GET "/assets/users.self-877aef30ae1b040ab8a3aba4e3e309a11d7f2612f44dde450b5c157aa5f95c05.js?body=1" for ::1 at 2016-07-11 21:46:29 -0600


Started GET "/assets/api.self-877aef30ae1b040ab8a3aba4e3e309a11d7f2612f44dde450b5c157aa5f95c05.js?body=1" for ::1 at 2016-07-11 21:46:29 -0600


Started GET "/assets/welcome.self-877aef30ae1b040ab8a3aba4e3e309a11d7f2612f44dde450b5c157aa5f95c05.js?body=1" for ::1 at 2016-07-11 21:46:29 -0600


Started GET "/assets/application.self-f8806224e027f3e3f0138ea9ce99319e298dfdb323304d1f1be6eae8e8c74724.js?body=1" for ::1 at 2016-07-11 21:46:29 -0600


Started GET "/api/users" for ::1 at 2016-07-11 21:46:40 -0600
Processing by Api::UsersController#index as JSON
Filter chain halted as :authenticated? rendered or redirected
Completed 401 Unauthorized in 1ms (ActiveRecord: 0.0ms)


Started GET "/api/users" for ::1 at 2016-07-11 21:46:45 -0600
Processing by Api::UsersController#index as JSON
  [1m[35mUser Load (0.4ms)[0m  SELECT "users".* FROM "users" WHERE "users"."username" = ? AND "users"."password" = 'pass123'  [["username", "admin"]]
Completed 500 Internal Server Error in 9ms (ActiveRecord: 0.6ms)

ActiveRecord::StatementInvalid (SQLite3::SQLException: no such column: users.password: SELECT "users".* FROM "users" WHERE "users"."username" = ? AND "users"."password" = 'pass123'):
  app/controllers/api_controller.rb:9:in `block in authenticated?'
  app/controllers/api_controller.rb:9:in `authenticated?'


  Rendered /Users/kurt.gardner/.rvm/gems/ruby-2.2.1/gems/actionpack-4.2.5/lib/action_dispatch/middleware/templates/rescues/_source.erb (5.2ms)
  Rendered /Users/kurt.gardner/.rvm/gems/ruby-2.2.1/gems/actionpack-4.2.5/lib/action_dispatch/middleware/templates/rescues/_trace.html.erb (2.5ms)
  Rendered /Users/kurt.gardner/.rvm/gems/ruby-2.2.1/gems/actionpack-4.2.5/lib/action_dispatch/middleware/templates/rescues/_request_and_response.html.erb (0.9ms)
  Rendered /Users/kurt.gardner/.rvm/gems/ruby-2.2.1/gems/actionpack-4.2.5/lib/action_dispatch/middleware/templates/rescues/diagnostics.html.erb within rescues/layout (58.4ms)
  Rendered /Users/kurt.gardner/.rvm/gems/ruby-2.2.1/gems/web-console-2.3.0/lib/web_console/templates/_markup.html.erb (0.4ms)
  Rendered /Users/kurt.gardner/.rvm/gems/ruby-2.2.1/gems/web-console-2.3.0/lib/web_console/templates/_inner_console_markup.html.erb within layouts/inlined_string (0.3ms)
  Rendered /Users/kurt.gardner/.rvm/gems/ruby-2.2.1/gems/web-console-2.3.0/lib/web_console/templates/_prompt_box_markup.html.erb within layouts/inlined_string (0.6ms)
  Rendered /Users/kurt.gardner/.rvm/gems/ruby-2.2.1/gems/web-console-2.3.0/lib/web_console/templates/style.css.erb within layouts/inlined_string (0.4ms)
  Rendered /Users/kurt.gardner/.rvm/gems/ruby-2.2.1/gems/web-console-2.3.0/lib/web_console/templates/console.js.erb within layouts/javascript (381.9ms)
  Rendered /Users/kurt.gardner/.rvm/gems/ruby-2.2.1/gems/web-console-2.3.0/lib/web_console/templates/main.js.erb within layouts/javascript (0.3ms)
  Rendered /Users/kurt.gardner/.rvm/gems/ruby-2.2.1/gems/web-console-2.3.0/lib/web_console/templates/error_page.js.erb within layouts/javascript (0.4ms)
  Rendered /Users/kurt.gardner/.rvm/gems/ruby-2.2.1/gems/web-console-2.3.0/lib/web_console/templates/index.html.erb (439.4ms)


Started GET "/api/users/" for ::1 at 2016-07-11 21:47:45 -0600
Processing by Api::UsersController#index as JSON
  [1m[36mUser Load (0.5ms)[0m  [1mSELECT "users".* FROM "users" WHERE "users"."username" = ? AND "users"."password" = 'pass123'[0m  [["username", "admin"]]
Completed 500 Internal Server Error in 2ms (ActiveRecord: 0.5ms)

ActiveRecord::StatementInvalid (SQLite3::SQLException: no such column: users.password: SELECT "users".* FROM "users" WHERE "users"."username" = ? AND "users"."password" = 'pass123'):
  app/controllers/api_controller.rb:9:in `block in authenticated?'
  app/controllers/api_controller.rb:9:in `authenticated?'


  Rendered /Users/kurt.gardner/.rvm/gems/ruby-2.2.1/gems/actionpack-4.2.5/lib/action_dispatch/middleware/templates/rescues/_source.erb (4.4ms)
  Rendered /Users/kurt.gardner/.rvm/gems/ruby-2.2.1/gems/actionpack-4.2.5/lib/action_dispatch/middleware/templates/rescues/_trace.html.erb (1.9ms)
  Rendered /Users/kurt.gardner/.rvm/gems/ruby-2.2.1/gems/actionpack-4.2.5/lib/action_dispatch/middleware/templates/rescues/_request_and_response.html.erb (0.8ms)
  Rendered /Users/kurt.gardner/.rvm/gems/ruby-2.2.1/gems/actionpack-4.2.5/lib/action_dispatch/middleware/templates/rescues/diagnostics.html.erb within rescues/layout (48.4ms)
  Rendered /Users/kurt.gardner/.rvm/gems/ruby-2.2.1/gems/web-console-2.3.0/lib/web_console/templates/_markup.html.erb (0.2ms)
  Rendered /Users/kurt.gardner/.rvm/gems/ruby-2.2.1/gems/web-console-2.3.0/lib/web_console/templates/_inner_console_markup.html.erb within layouts/inlined_string (0.3ms)
  Rendered /Users/kurt.gardner/.rvm/gems/ruby-2.2.1/gems/web-console-2.3.0/lib/web_console/templates/_prompt_box_markup.html.erb within layouts/inlined_string (0.2ms)
  Rendered /Users/kurt.gardner/.rvm/gems/ruby-2.2.1/gems/web-console-2.3.0/lib/web_console/templates/style.css.erb within layouts/inlined_string (0.3ms)
  Rendered /Users/kurt.gardner/.rvm/gems/ruby-2.2.1/gems/web-console-2.3.0/lib/web_console/templates/console.js.erb within layouts/javascript (39.3ms)
  Rendered /Users/kurt.gardner/.rvm/gems/ruby-2.2.1/gems/web-console-2.3.0/lib/web_console/templates/main.js.erb within layouts/javascript (0.2ms)
  Rendered /Users/kurt.gardner/.rvm/gems/ruby-2.2.1/gems/web-console-2.3.0/lib/web_console/templates/error_page.js.erb within layouts/javascript (0.3ms)
  Rendered /Users/kurt.gardner/.rvm/gems/ruby-2.2.1/gems/web-console-2.3.0/lib/web_console/templates/index.html.erb (85.8ms)


Started GET "/api/users" for ::1 at 2016-07-11 21:52:19 -0600
  [1m[36mActiveRecord::SchemaMigration Load (0.1ms)[0m  [1mSELECT "schema_migrations".* FROM "schema_migrations"[0m
Processing by Api::UsersController#index as JSON
  [1m[35mUser Load (0.2ms)[0m  SELECT "users".* FROM "users" WHERE "users"."username" = ? AND "users"."password_digest" = ?  [["username", "admin"], ["password_digest", "pass123"]]
  [1m[36mUser Load (0.1ms)[0m  [1mSELECT "users".* FROM "users"[0m
[active_model_serializers] Rendered ActiveModel::Serializer::CollectionSerializer with ActiveModelSerializers::Adapter::Attributes (0.47ms)
Completed 200 OK in 39ms (Views: 9.8ms | ActiveRecord: 0.6ms)


Started GET "/api/users/" for ::1 at 2016-07-11 21:53:00 -0600
Processing by Api::UsersController#index as JSON
  [1m[35mUser Load (0.1ms)[0m  SELECT "users".* FROM "users" WHERE "users"."username" = ? AND "users"."password_digest" = ?  [["username", "admin"], ["password_digest", "pass123"]]
  [1m[36mUser Load (0.2ms)[0m  [1mSELECT "users".* FROM "users"[0m
[active_model_serializers] Rendered ActiveModel::Serializer::CollectionSerializer with ActiveModelSerializers::Adapter::Attributes (0.7ms)
Completed 200 OK in 3ms (Views: 1.8ms | ActiveRecord: 0.3ms)
  [1m[36mUser Load (0.2ms)[0m  [1mSELECT  "users".* FROM "users"  ORDER BY "users"."id" DESC LIMIT 1[0m
  [1m[35mUser Load (0.2ms)[0m  SELECT "users".* FROM "users"
  [1m[36mUser Load (3.6ms)[0m  [1mSELECT "users".* FROM "users"[0m
  [1m[35mUser Load (0.3ms)[0m  SELECT  "users".* FROM "users"  ORDER BY "users"."id" DESC LIMIT 1
  [1m[36mUser Load (0.2ms)[0m  [1mSELECT  "users".* FROM "users"  ORDER BY "users"."id" DESC LIMIT 1[0m
  [1m[35mUser Load (0.2ms)[0m  SELECT "users".* FROM "users"


Started GET "/api/users/" for ::1 at 2016-07-11 22:13:42 -0600
Processing by Api::UsersController#index as JSON
  [1m[35mUser Load (0.1ms)[0m  SELECT "users".* FROM "users" WHERE "users"."username" = ? AND "users"."password_digest" = ?  [["username", "admin"], ["password_digest", "pass123"]]
  [1m[36mUser Load (0.1ms)[0m  [1mSELECT "users".* FROM "users"[0m
[active_model_serializers] Rendered ActiveModel::Serializer::CollectionSerializer with ActiveModelSerializers::Adapter::Attributes (0.26ms)
Completed 200 OK in 2ms (Views: 0.9ms | ActiveRecord: 0.2ms)


Started GET "/api/users/" for ::1 at 2016-07-11 22:14:03 -0600
Processing by Api::UsersController#index as JSON
  [1m[35mUser Load (0.1ms)[0m  SELECT "users".* FROM "users" WHERE "users"."username" = ? AND "users"."password_digest" = ?  [["username", "administrator"], ["password_digest", "pass12345"]]
Filter chain halted as :authenticated? rendered or redirected
Completed 401 Unauthorized in 1ms (ActiveRecord: 0.1ms)


Started GET "/" for ::1 at 2016-07-12 07:33:18 -0600
  [1m[36mActiveRecord::SchemaMigration Load (0.1ms)[0m  [1mSELECT "schema_migrations".* FROM "schema_migrations"[0m
Processing by WelcomeController#index as HTML
  Rendered welcome/index.html.erb within layouts/application (1.5ms)
Completed 200 OK in 597ms (Views: 587.9ms | ActiveRecord: 0.0ms)


Started GET "/" for ::1 at 2016-07-12 07:33:19 -0600
Processing by WelcomeController#index as HTML
  Rendered welcome/index.html.erb within layouts/application (0.1ms)
Completed 200 OK in 25ms (Views: 24.4ms | ActiveRecord: 0.0ms)


Started GET "/assets/items.self-877aef30ae1b040ab8a3aba4e3e309a11d7f2612f44dde450b5c157aa5f95c05.js?body=1" for ::1 at 2016-07-12 07:33:19 -0600


Started GET "/assets/lists.self-877aef30ae1b040ab8a3aba4e3e309a11d7f2612f44dde450b5c157aa5f95c05.js?body=1" for ::1 at 2016-07-12 07:33:19 -0600


Started POST "/api/users/" for ::1 at 2016-07-12 07:33:45 -0600
Processing by Api::UsersController#create as JSON
  Parameters: {"user"=>{"username"=>"Sterling", "password"=>"[FILTERED]"}}
  [1m[35mUser Load (0.2ms)[0m  SELECT "users".* FROM "users" WHERE "users"."username" = ? AND "users"."password_digest" = ?  [["username", "username"], ["password_digest", "password"]]
Filter chain halted as :authenticated? rendered or redirected
Completed 401 Unauthorized in 11ms (ActiveRecord: 0.4ms)


Started POST "/api/users/" for ::1 at 2016-07-12 07:35:02 -0600
Processing by Api::UsersController#create as JSON
  Parameters: {"user"=>{"username"=>"Sterling", "password_digest"=>"[FILTERED]"}}
  [1m[36mUser Load (0.1ms)[0m  [1mSELECT "users".* FROM "users" WHERE "users"."username" = ? AND "users"."password_digest" = ?[0m  [["username", "username"], ["password_digest", "password_digest"]]
Filter chain halted as :authenticated? rendered or redirected
Completed 401 Unauthorized in 1ms (ActiveRecord: 0.1ms)
  [1m[36mUser Load (0.1ms)[0m  [1mSELECT  "users".* FROM "users"  ORDER BY "users"."id" DESC LIMIT 1[0m


Started POST "/api/users/" for ::1 at 2016-07-12 07:36:34 -0600
Processing by Api::UsersController#create as JSON
  Parameters: {"user"=>{"username"=>"Sterling", "password_digest"=>"[FILTERED]"}}
  [1m[35mUser Load (0.1ms)[0m  SELECT "users".* FROM "users" WHERE "users"."username" = ? AND "users"."password_digest" = ?  [["username", "admin"], ["password_digest", "pass123"]]
  [1m[36m (0.1ms)[0m  [1mbegin transaction[0m
  [1m[35mSQL (0.4ms)[0m  INSERT INTO "users" ("username", "password_digest", "created_at", "updated_at") VALUES (?, ?, ?, ?)  [["username", "Sterling"], ["password_digest", "Archer"], ["created_at", "2016-07-12 13:36:34.961037"], ["updated_at", "2016-07-12 13:36:34.961037"]]
  [1m[36m (1.1ms)[0m  [1mcommit transaction[0m
[active_model_serializers] Rendered UserSerializer with ActiveModelSerializers::Adapter::Attributes (0.21ms)
Completed 200 OK in 25ms (Views: 13.6ms | ActiveRecord: 1.9ms)
  [1m[35mUser Load (0.3ms)[0m  SELECT  "users".* FROM "users"  ORDER BY "users"."id" DESC LIMIT 1


Started POST "/api/users/1/lists" for ::1 at 2016-07-12 07:38:49 -0600
Processing by Api::ListsController#create as JSON
  Parameters: {"list"=>{"name"=>"Things to do today", "permissions"=>"Private"}, "user_id"=>"1"}
  [1m[35mUser Load (0.1ms)[0m  SELECT "users".* FROM "users" WHERE "users"."username" = ? AND "users"."password_digest" = ?  [["username", "admin"], ["password_digest", "pass123"]]
Unpermitted parameter: permissions
Completed 500 Internal Server Error in 10ms (ActiveRecord: 0.3ms)

ActiveRecord::UnknownAttributeError (unknown attribute 'name' for List.):
  app/controllers/api/lists_controller.rb:5:in `create'


  Rendered /Users/kurt.gardner/.rvm/gems/ruby-2.2.1/gems/actionpack-4.2.5/lib/action_dispatch/middleware/templates/rescues/_source.erb (4.1ms)
  Rendered /Users/kurt.gardner/.rvm/gems/ruby-2.2.1/gems/actionpack-4.2.5/lib/action_dispatch/middleware/templates/rescues/_trace.html.erb (11.1ms)
  Rendered /Users/kurt.gardner/.rvm/gems/ruby-2.2.1/gems/actionpack-4.2.5/lib/action_dispatch/middleware/templates/rescues/_request_and_response.html.erb (1.5ms)
  Rendered /Users/kurt.gardner/.rvm/gems/ruby-2.2.1/gems/actionpack-4.2.5/lib/action_dispatch/middleware/templates/rescues/diagnostics.html.erb within rescues/layout (62.9ms)
  Rendered /Users/kurt.gardner/.rvm/gems/ruby-2.2.1/gems/web-console-2.3.0/lib/web_console/templates/_markup.html.erb (0.5ms)
  Rendered /Users/kurt.gardner/.rvm/gems/ruby-2.2.1/gems/web-console-2.3.0/lib/web_console/templates/_inner_console_markup.html.erb within layouts/inlined_string (0.3ms)
  Rendered /Users/kurt.gardner/.rvm/gems/ruby-2.2.1/gems/web-console-2.3.0/lib/web_console/templates/_prompt_box_markup.html.erb within layouts/inlined_string (0.4ms)
  Rendered /Users/kurt.gardner/.rvm/gems/ruby-2.2.1/gems/web-console-2.3.0/lib/web_console/templates/style.css.erb within layouts/inlined_string (0.3ms)
  Rendered /Users/kurt.gardner/.rvm/gems/ruby-2.2.1/gems/web-console-2.3.0/lib/web_console/templates/console.js.erb within layouts/javascript (388.3ms)
  Rendered /Users/kurt.gardner/.rvm/gems/ruby-2.2.1/gems/web-console-2.3.0/lib/web_console/templates/main.js.erb within layouts/javascript (0.3ms)
  Rendered /Users/kurt.gardner/.rvm/gems/ruby-2.2.1/gems/web-console-2.3.0/lib/web_console/templates/error_page.js.erb within layouts/javascript (0.5ms)
  Rendered /Users/kurt.gardner/.rvm/gems/ruby-2.2.1/gems/web-console-2.3.0/lib/web_console/templates/index.html.erb (447.7ms)


Started POST "/api/lists/1/items" for ::1 at 2016-07-12 07:44:29 -0600
Processing by Api::ItemsController#create as JSON
  Parameters: {"item"=>{"description"=>"Dance if you want to"}, "list_id"=>"1"}
  [1m[36mUser Load (0.1ms)[0m  [1mSELECT "users".* FROM "users" WHERE "users"."username" = ? AND "users"."password_digest" = ?[0m  [["username", "admin"], ["password_digest", "pass123"]]
Completed 500 Internal Server Error in 11ms (ActiveRecord: 0.8ms)

ActiveRecord::UnknownAttributeError (unknown attribute 'description' for Item.):
  app/controllers/api/items_controller.rb:5:in `create'


  Rendered /Users/kurt.gardner/.rvm/gems/ruby-2.2.1/gems/actionpack-4.2.5/lib/action_dispatch/middleware/templates/rescues/_source.erb (4.5ms)
  Rendered /Users/kurt.gardner/.rvm/gems/ruby-2.2.1/gems/actionpack-4.2.5/lib/action_dispatch/middleware/templates/rescues/_trace.html.erb (2.2ms)
  Rendered /Users/kurt.gardner/.rvm/gems/ruby-2.2.1/gems/actionpack-4.2.5/lib/action_dispatch/middleware/templates/rescues/_request_and_response.html.erb (0.9ms)
  Rendered /Users/kurt.gardner/.rvm/gems/ruby-2.2.1/gems/actionpack-4.2.5/lib/action_dispatch/middleware/templates/rescues/diagnostics.html.erb within rescues/layout (52.0ms)
  Rendered /Users/kurt.gardner/.rvm/gems/ruby-2.2.1/gems/web-console-2.3.0/lib/web_console/templates/_markup.html.erb (0.4ms)
  Rendered /Users/kurt.gardner/.rvm/gems/ruby-2.2.1/gems/web-console-2.3.0/lib/web_console/templates/_inner_console_markup.html.erb within layouts/inlined_string (0.3ms)
  Rendered /Users/kurt.gardner/.rvm/gems/ruby-2.2.1/gems/web-console-2.3.0/lib/web_console/templates/_prompt_box_markup.html.erb within layouts/inlined_string (0.3ms)
  Rendered /Users/kurt.gardner/.rvm/gems/ruby-2.2.1/gems/web-console-2.3.0/lib/web_console/templates/style.css.erb within layouts/inlined_string (0.3ms)
  Rendered /Users/kurt.gardner/.rvm/gems/ruby-2.2.1/gems/web-console-2.3.0/lib/web_console/templates/console.js.erb within layouts/javascript (40.0ms)
  Rendered /Users/kurt.gardner/.rvm/gems/ruby-2.2.1/gems/web-console-2.3.0/lib/web_console/templates/main.js.erb within layouts/javascript (0.3ms)
  Rendered /Users/kurt.gardner/.rvm/gems/ruby-2.2.1/gems/web-console-2.3.0/lib/web_console/templates/error_page.js.erb within layouts/javascript (0.4ms)
  Rendered /Users/kurt.gardner/.rvm/gems/ruby-2.2.1/gems/web-console-2.3.0/lib/web_console/templates/index.html.erb (90.1ms)
  [1m[36mActiveRecord::SchemaMigration Load (0.1ms)[0m  [1mSELECT "schema_migrations".* FROM "schema_migrations"[0m
Migrating to AddNameToLists (20160712151510)
  [1m[35m (0.1ms)[0m  begin transaction
  [1m[36m (0.5ms)[0m  [1mALTER TABLE "lists" ADD "name" varchar[0m
  [1m[35mSQL (0.4ms)[0m  INSERT INTO "schema_migrations" ("version") VALUES (?)  [["version", "20160712151510"]]
  [1m[36m (0.7ms)[0m  [1mcommit transaction[0m
Migrating to AddPermissionsToLists (20160712151559)
  [1m[35m (0.1ms)[0m  begin transaction
  [1m[36m (0.4ms)[0m  [1mALTER TABLE "lists" ADD "permissions" varchar[0m
  [1m[35mSQL (0.2ms)[0m  INSERT INTO "schema_migrations" ("version") VALUES (?)  [["version", "20160712151559"]]
  [1m[36m (1.0ms)[0m  [1mcommit transaction[0m
Migrating to AddDescriptiontoItems (20160712151640)
  [1m[35m (0.1ms)[0m  begin transaction
  [1m[36mSQL (0.4ms)[0m  [1mINSERT INTO "schema_migrations" ("version") VALUES (?)[0m  [["version", "20160712151640"]]
  [1m[35m (0.8ms)[0m  commit transaction
  [1m[36mActiveRecord::SchemaMigration Load (0.1ms)[0m  [1mSELECT "schema_migrations".* FROM "schema_migrations"[0m
  [1m[36mActiveRecord::SchemaMigration Load (0.1ms)[0m  [1mSELECT "schema_migrations".* FROM "schema_migrations"[0m
Migrating to AddDescriptionToItems (20160712151953)
  [1m[35m (0.1ms)[0m  begin transaction
  [1m[36m (0.5ms)[0m  [1mALTER TABLE "items" ADD "description" varchar[0m
  [1m[35mSQL (0.2ms)[0m  INSERT INTO "schema_migrations" ("version") VALUES (?)  [["version", "20160712151953"]]
  [1m[36m (1.2ms)[0m  [1mcommit transaction[0m
  [1m[35mActiveRecord::SchemaMigration Load (0.1ms)[0m  SELECT "schema_migrations".* FROM "schema_migrations"


Started POST "/api/users/1/lists" for ::1 at 2016-07-12 09:20:49 -0600
  [1m[36mActiveRecord::SchemaMigration Load (0.1ms)[0m  [1mSELECT "schema_migrations".* FROM "schema_migrations"[0m
Processing by Api::ListsController#create as JSON
  Parameters: {"list"=>{"name"=>"Things to do today", "permissions"=>"Private"}, "user_id"=>"1"}
  [1m[35mUser Load (0.2ms)[0m  SELECT "users".* FROM "users" WHERE "users"."username" = ? AND "users"."password_digest" = ?  [["username", "admin"], ["password_digest", "pass123"]]
  [1m[36m (0.1ms)[0m  [1mbegin transaction[0m
  [1m[35mSQL (0.4ms)[0m  INSERT INTO "lists" ("name", "permissions", "created_at", "updated_at") VALUES (?, ?, ?, ?)  [["name", "Things to do today"], ["permissions", "Private"], ["created_at", "2016-07-12 15:20:49.784792"], ["updated_at", "2016-07-12 15:20:49.784792"]]
  [1m[36m (0.7ms)[0m  [1mcommit transaction[0m
[active_model_serializers] Rendered ListSerializer with ActiveModelSerializers::Adapter::Attributes (0.23ms)
Completed 200 OK in 55ms (Views: 13.4ms | ActiveRecord: 1.8ms)


Started POST "/api/lists/1/items" for ::1 at 2016-07-12 09:21:06 -0600
Processing by Api::ItemsController#create as JSON
  Parameters: {"item"=>{"description"=>"Dance if you want to"}, "list_id"=>"1"}
  [1m[35mUser Load (0.1ms)[0m  SELECT "users".* FROM "users" WHERE "users"."username" = ? AND "users"."password_digest" = ?  [["username", "admin"], ["password_digest", "pass123"]]
  [1m[36m (0.1ms)[0m  [1mbegin transaction[0m
  [1m[35mSQL (0.3ms)[0m  INSERT INTO "items" ("description", "created_at", "updated_at") VALUES (?, ?, ?)  [["description", "Dance if you want to"], ["created_at", "2016-07-12 15:21:06.998454"], ["updated_at", "2016-07-12 15:21:06.998454"]]
  [1m[36m (0.7ms)[0m  [1mcommit transaction[0m
[active_model_serializers] Rendered ItemSerializer with ActiveModelSerializers::Adapter::Attributes (0.15ms)
Completed 200 OK in 11ms (Views: 2.0ms | ActiveRecord: 1.4ms)


Started POST "/api/users/" for ::1 at 2016-07-12 09:24:30 -0600
Processing by Api::UsersController#create as JSON
  Parameters: {"user"=>{"username"=>"Sterling"}}
  [1m[35mUser Load (0.1ms)[0m  SELECT "users".* FROM "users" WHERE "users"."username" = ? AND "users"."password_digest" = ?  [["username", "admin"], ["password_digest", "pass123"]]
  [1m[36m (0.1ms)[0m  [1mbegin transaction[0m
  [1m[35mSQL (0.3ms)[0m  INSERT INTO "users" ("username", "created_at", "updated_at") VALUES (?, ?, ?)  [["username", "Sterling"], ["created_at", "2016-07-12 15:24:30.347951"], ["updated_at", "2016-07-12 15:24:30.347951"]]
  [1m[36m (1.2ms)[0m  [1mcommit transaction[0m
[active_model_serializers] Rendered UserSerializer with ActiveModelSerializers::Adapter::Attributes (0.14ms)
Completed 200 OK in 6ms (Views: 1.7ms | ActiveRecord: 1.6ms)


Started POST "/api/users/" for ::1 at 2016-07-12 19:53:13 -0600
Processing by Api::UsersController#create as JSON
  Parameters: {"user"=>{"username"=>"Sterling"}}
  [1m[35mUser Load (0.2ms)[0m  SELECT "users".* FROM "users" WHERE "users"."username" = ? AND "users"."password_digest" = ?  [["username", "admin"], ["password_digest", "pass123"]]
Completed 500 Internal Server Error in 11ms (ActiveRecord: 1.2ms)

ArgumentError (wrong number of arguments (2 for 1)):
  app/controllers/api/users_controller.rb:20:in `user_params'
  app/controllers/api/users_controller.rb:10:in `create'


  Rendered /Users/kurt.gardner/.rvm/gems/ruby-2.2.1/gems/actionpack-4.2.5/lib/action_dispatch/middleware/templates/rescues/_source.erb (8.7ms)
  Rendered /Users/kurt.gardner/.rvm/gems/ruby-2.2.1/gems/actionpack-4.2.5/lib/action_dispatch/middleware/templates/rescues/_trace.html.erb (2.1ms)
  Rendered /Users/kurt.gardner/.rvm/gems/ruby-2.2.1/gems/actionpack-4.2.5/lib/action_dispatch/middleware/templates/rescues/_request_and_response.html.erb (1.2ms)
  Rendered /Users/kurt.gardner/.rvm/gems/ruby-2.2.1/gems/actionpack-4.2.5/lib/action_dispatch/middleware/templates/rescues/diagnostics.html.erb within rescues/layout (63.3ms)
  Rendered /Users/kurt.gardner/.rvm/gems/ruby-2.2.1/gems/web-console-2.3.0/lib/web_console/templates/_markup.html.erb (0.5ms)
  Rendered /Users/kurt.gardner/.rvm/gems/ruby-2.2.1/gems/web-console-2.3.0/lib/web_console/templates/_inner_console_markup.html.erb within layouts/inlined_string (0.3ms)
  Rendered /Users/kurt.gardner/.rvm/gems/ruby-2.2.1/gems/web-console-2.3.0/lib/web_console/templates/_prompt_box_markup.html.erb within layouts/inlined_string (0.3ms)
  Rendered /Users/kurt.gardner/.rvm/gems/ruby-2.2.1/gems/web-console-2.3.0/lib/web_console/templates/style.css.erb within layouts/inlined_string (0.3ms)
  Rendered /Users/kurt.gardner/.rvm/gems/ruby-2.2.1/gems/web-console-2.3.0/lib/web_console/templates/console.js.erb within layouts/javascript (503.6ms)
  Rendered /Users/kurt.gardner/.rvm/gems/ruby-2.2.1/gems/web-console-2.3.0/lib/web_console/templates/main.js.erb within layouts/javascript (0.3ms)
  Rendered /Users/kurt.gardner/.rvm/gems/ruby-2.2.1/gems/web-console-2.3.0/lib/web_console/templates/error_page.js.erb within layouts/javascript (0.4ms)
  Rendered /Users/kurt.gardner/.rvm/gems/ruby-2.2.1/gems/web-console-2.3.0/lib/web_console/templates/index.html.erb (568.5ms)
  [1m[36mUser Load (2.3ms)[0m  [1mSELECT  "users".* FROM "users"  ORDER BY "users"."id" DESC LIMIT 1[0m


Started POST "/api/users/" for ::1 at 2016-07-12 22:21:32 -0600
Processing by Api::UsersController#create as JSON
  Parameters: {"user"=>{"username"=>"Sterling", "password_digest"=>"[FILTERED]"}}
  [1m[36mUser Load (0.1ms)[0m  [1mSELECT "users".* FROM "users" WHERE "users"."username" = ? AND "users"."password_digest" = ?[0m  [["username", "admin"], ["password_digest", "pass123"]]
Completed 500 Internal Server Error in 7ms (ActiveRecord: 0.6ms)

ArgumentError (wrong number of arguments (2 for 1)):
  app/controllers/api/users_controller.rb:20:in `user_params'
  app/controllers/api/users_controller.rb:10:in `create'


  Rendered /Users/kurt.gardner/.rvm/gems/ruby-2.2.1/gems/actionpack-4.2.5/lib/action_dispatch/middleware/templates/rescues/_source.erb (4.4ms)
  Rendered /Users/kurt.gardner/.rvm/gems/ruby-2.2.1/gems/actionpack-4.2.5/lib/action_dispatch/middleware/templates/rescues/_trace.html.erb (1.7ms)
  Rendered /Users/kurt.gardner/.rvm/gems/ruby-2.2.1/gems/actionpack-4.2.5/lib/action_dispatch/middleware/templates/rescues/_request_and_response.html.erb (0.8ms)
  Rendered /Users/kurt.gardner/.rvm/gems/ruby-2.2.1/gems/actionpack-4.2.5/lib/action_dispatch/middleware/templates/rescues/diagnostics.html.erb within rescues/layout (51.1ms)
  Rendered /Users/kurt.gardner/.rvm/gems/ruby-2.2.1/gems/web-console-2.3.0/lib/web_console/templates/_markup.html.erb (0.4ms)
  Rendered /Users/kurt.gardner/.rvm/gems/ruby-2.2.1/gems/web-console-2.3.0/lib/web_console/templates/_inner_console_markup.html.erb within layouts/inlined_string (0.4ms)
  Rendered /Users/kurt.gardner/.rvm/gems/ruby-2.2.1/gems/web-console-2.3.0/lib/web_console/templates/_prompt_box_markup.html.erb within layouts/inlined_string (0.2ms)
  Rendered /Users/kurt.gardner/.rvm/gems/ruby-2.2.1/gems/web-console-2.3.0/lib/web_console/templates/style.css.erb within layouts/inlined_string (0.3ms)
  Rendered /Users/kurt.gardner/.rvm/gems/ruby-2.2.1/gems/web-console-2.3.0/lib/web_console/templates/console.js.erb within layouts/javascript (42.6ms)
  Rendered /Users/kurt.gardner/.rvm/gems/ruby-2.2.1/gems/web-console-2.3.0/lib/web_console/templates/main.js.erb within layouts/javascript (0.3ms)
  Rendered /Users/kurt.gardner/.rvm/gems/ruby-2.2.1/gems/web-console-2.3.0/lib/web_console/templates/error_page.js.erb within layouts/javascript (0.4ms)
  Rendered /Users/kurt.gardner/.rvm/gems/ruby-2.2.1/gems/web-console-2.3.0/lib/web_console/templates/index.html.erb (98.3ms)


Started POST "/api/users/" for ::1 at 2016-07-12 22:22:37 -0600
Processing by Api::UsersController#create as JSON
  Parameters: {"user"=>{"username"=>"Turd", "password_digest"=>"[FILTERED]"}}
  [1m[35mUser Load (0.1ms)[0m  SELECT "users".* FROM "users" WHERE "users"."username" = ? AND "users"."password_digest" = ?  [["username", "admin"], ["password_digest", "pass123"]]
Completed 500 Internal Server Error in 1ms (ActiveRecord: 0.1ms)

ArgumentError (wrong number of arguments (2 for 1)):
  app/controllers/api/users_controller.rb:20:in `user_params'
  app/controllers/api/users_controller.rb:10:in `create'


  Rendered /Users/kurt.gardner/.rvm/gems/ruby-2.2.1/gems/actionpack-4.2.5/lib/action_dispatch/middleware/templates/rescues/_source.erb (4.2ms)
  Rendered /Users/kurt.gardner/.rvm/gems/ruby-2.2.1/gems/actionpack-4.2.5/lib/action_dispatch/middleware/templates/rescues/_trace.html.erb (1.7ms)
  Rendered /Users/kurt.gardner/.rvm/gems/ruby-2.2.1/gems/actionpack-4.2.5/lib/action_dispatch/middleware/templates/rescues/_request_and_response.html.erb (0.8ms)
  Rendered /Users/kurt.gardner/.rvm/gems/ruby-2.2.1/gems/actionpack-4.2.5/lib/action_dispatch/middleware/templates/rescues/diagnostics.html.erb within rescues/layout (48.4ms)
  Rendered /Users/kurt.gardner/.rvm/gems/ruby-2.2.1/gems/web-console-2.3.0/lib/web_console/templates/_markup.html.erb (0.3ms)
  Rendered /Users/kurt.gardner/.rvm/gems/ruby-2.2.1/gems/web-console-2.3.0/lib/web_console/templates/_inner_console_markup.html.erb within layouts/inlined_string (0.3ms)
  Rendered /Users/kurt.gardner/.rvm/gems/ruby-2.2.1/gems/web-console-2.3.0/lib/web_console/templates/_prompt_box_markup.html.erb within layouts/inlined_string (0.3ms)
  Rendered /Users/kurt.gardner/.rvm/gems/ruby-2.2.1/gems/web-console-2.3.0/lib/web_console/templates/style.css.erb within layouts/inlined_string (0.3ms)
  Rendered /Users/kurt.gardner/.rvm/gems/ruby-2.2.1/gems/web-console-2.3.0/lib/web_console/templates/console.js.erb within layouts/javascript (38.9ms)
  Rendered /Users/kurt.gardner/.rvm/gems/ruby-2.2.1/gems/web-console-2.3.0/lib/web_console/templates/main.js.erb within layouts/javascript (0.2ms)
  Rendered /Users/kurt.gardner/.rvm/gems/ruby-2.2.1/gems/web-console-2.3.0/lib/web_console/templates/error_page.js.erb within layouts/javascript (0.3ms)
  Rendered /Users/kurt.gardner/.rvm/gems/ruby-2.2.1/gems/web-console-2.3.0/lib/web_console/templates/index.html.erb (83.9ms)


Started POST "/api/users/" for ::1 at 2016-07-12 22:23:28 -0600
Processing by Api::UsersController#create as JSON
  Parameters: {"user"=>{"username"=>"Turd", "password_digest"=>"[FILTERED]"}}
  [1m[36mUser Load (0.2ms)[0m  [1mSELECT "users".* FROM "users" WHERE "users"."username" = ? AND "users"."password_digest" = ?[0m  [["username", "admin"], ["password_digest", "pass123"]]
  [1m[35m (0.1ms)[0m  begin transaction
  [1m[36mSQL (0.3ms)[0m  [1mINSERT INTO "users" ("username", "password_digest", "created_at", "updated_at") VALUES (?, ?, ?, ?)[0m  [["username", "Turd"], ["password_digest", "Poop"], ["created_at", "2016-07-13 04:23:28.425373"], ["updated_at", "2016-07-13 04:23:28.425373"]]
  [1m[35m (1.4ms)[0m  commit transaction
[active_model_serializers] Rendered UserSerializer with ActiveModelSerializers::Adapter::Attributes (2.08ms)
Completed 200 OK in 19ms (Views: 4.0ms | ActiveRecord: 2.4ms)


Started DELETE "/api/users/1/" for ::1 at 2016-07-13 21:41:07 -0600
  [1m[36mActiveRecord::SchemaMigration Load (0.5ms)[0m  [1mSELECT "schema_migrations".* FROM "schema_migrations"[0m
Processing by Api::UsersController#destroy as JSON
  Parameters: {"id"=>"1"}
  [1m[35mUser Load (0.6ms)[0m  SELECT "users".* FROM "users" WHERE "users"."username" = ? AND "users"."password_digest" = ?  [["username", "admin"], ["password_digest", "pass123"]]
  [1m[36mUser Load (0.2ms)[0m  [1mSELECT  "users".* FROM "users" WHERE "users"."id" = ? LIMIT 1[0m  [["id", 1]]
  [1m[35m (0.1ms)[0m  begin transaction
  [1m[36mSQL (0.3ms)[0m  [1mDELETE FROM "users" WHERE "users"."id" = ?[0m  [["id", 1]]
  [1m[35m (0.8ms)[0m  commit transaction
[active_model_serializers] Rendered ActiveModel::Serializer::Null with Hash (0.08ms)
Completed 204 No Content in 35ms (Views: 4.3ms | ActiveRecord: 2.3ms)


Started DELETE "/api/users/1/lists/1" for ::1 at 2016-07-13 21:43:48 -0600

AbstractController::ActionNotFound (The action 'destroy' could not be found for Api::ListsController):
  actionpack (4.2.5) lib/abstract_controller/base.rb:132:in `process'
  actionview (4.2.5) lib/action_view/rendering.rb:30:in `process'
  actionpack (4.2.5) lib/action_controller/metal.rb:196:in `dispatch'
  actionpack (4.2.5) lib/action_controller/metal/rack_delegation.rb:13:in `dispatch'
  actionpack (4.2.5) lib/action_controller/metal.rb:237:in `block in action'
  actionpack (4.2.5) lib/action_dispatch/routing/route_set.rb:76:in `call'
  actionpack (4.2.5) lib/action_dispatch/routing/route_set.rb:76:in `dispatch'
  actionpack (4.2.5) lib/action_dispatch/routing/route_set.rb:45:in `serve'
  actionpack (4.2.5) lib/action_dispatch/journey/router.rb:43:in `block in serve'
  actionpack (4.2.5) lib/action_dispatch/journey/router.rb:30:in `each'
  actionpack (4.2.5) lib/action_dispatch/journey/router.rb:30:in `serve'
  actionpack (4.2.5) lib/action_dispatch/routing/route_set.rb:817:in `call'
  rack (1.6.4) lib/rack/etag.rb:24:in `call'
  rack (1.6.4) lib/rack/conditionalget.rb:38:in `call'
  rack (1.6.4) lib/rack/head.rb:13:in `call'
  actionpack (4.2.5) lib/action_dispatch/middleware/params_parser.rb:27:in `call'
  actionpack (4.2.5) lib/action_dispatch/middleware/flash.rb:260:in `call'
  rack (1.6.4) lib/rack/session/abstract/id.rb:225:in `context'
  rack (1.6.4) lib/rack/session/abstract/id.rb:220:in `call'
  actionpack (4.2.5) lib/action_dispatch/middleware/cookies.rb:560:in `call'
  activerecord (4.2.5) lib/active_record/query_cache.rb:36:in `call'
  activerecord (4.2.5) lib/active_record/connection_adapters/abstract/connection_pool.rb:653:in `call'
  activerecord (4.2.5) lib/active_record/migration.rb:377:in `call'
  actionpack (4.2.5) lib/action_dispatch/middleware/callbacks.rb:29:in `block in call'
  activesupport (4.2.5) lib/active_support/callbacks.rb:88:in `__run_callbacks__'
  activesupport (4.2.5) lib/active_support/callbacks.rb:778:in `_run_call_callbacks'
  activesupport (4.2.5) lib/active_support/callbacks.rb:81:in `run_callbacks'
  actionpack (4.2.5) lib/action_dispatch/middleware/callbacks.rb:27:in `call'
  actionpack (4.2.5) lib/action_dispatch/middleware/reloader.rb:73:in `call'
  actionpack (4.2.5) lib/action_dispatch/middleware/remote_ip.rb:78:in `call'
  actionpack (4.2.5) lib/action_dispatch/middleware/debug_exceptions.rb:17:in `call'
  web-console (2.3.0) lib/web_console/middleware.rb:28:in `block in call'
  web-console (2.3.0) lib/web_console/middleware.rb:18:in `catch'
  web-console (2.3.0) lib/web_console/middleware.rb:18:in `call'
  actionpack (4.2.5) lib/action_dispatch/middleware/show_exceptions.rb:30:in `call'
  railties (4.2.5) lib/rails/rack/logger.rb:38:in `call_app'
  railties (4.2.5) lib/rails/rack/logger.rb:20:in `block in call'
  activesupport (4.2.5) lib/active_support/tagged_logging.rb:68:in `block in tagged'
  activesupport (4.2.5) lib/active_support/tagged_logging.rb:26:in `tagged'
  activesupport (4.2.5) lib/active_support/tagged_logging.rb:68:in `tagged'
  railties (4.2.5) lib/rails/rack/logger.rb:20:in `call'
  actionpack (4.2.5) lib/action_dispatch/middleware/request_id.rb:21:in `call'
  rack (1.6.4) lib/rack/methodoverride.rb:22:in `call'
  rack (1.6.4) lib/rack/runtime.rb:18:in `call'
  activesupport (4.2.5) lib/active_support/cache/strategy/local_cache_middleware.rb:28:in `call'
  rack (1.6.4) lib/rack/lock.rb:17:in `call'
  actionpack (4.2.5) lib/action_dispatch/middleware/static.rb:116:in `call'
  rack (1.6.4) lib/rack/sendfile.rb:113:in `call'
  railties (4.2.5) lib/rails/engine.rb:518:in `call'
  railties (4.2.5) lib/rails/application.rb:165:in `call'
  rack (1.6.4) lib/rack/lock.rb:17:in `call'
  rack (1.6.4) lib/rack/content_length.rb:15:in `call'
  rack (1.6.4) lib/rack/handler/webrick.rb:88:in `service'
  /Users/kurt.gardner/.rvm/rubies/ruby-2.2.1/lib/ruby/2.2.0/webrick/httpserver.rb:138:in `service'
  /Users/kurt.gardner/.rvm/rubies/ruby-2.2.1/lib/ruby/2.2.0/webrick/httpserver.rb:94:in `run'
  /Users/kurt.gardner/.rvm/rubies/ruby-2.2.1/lib/ruby/2.2.0/webrick/server.rb:294:in `block in start_thread'


  Rendered /Users/kurt.gardner/.rvm/gems/ruby-2.2.1/gems/actionpack-4.2.5/lib/action_dispatch/middleware/templates/rescues/unknown_action.html.erb within rescues/layout (1.6ms)
  Rendered /Users/kurt.gardner/.rvm/gems/ruby-2.2.1/gems/web-console-2.3.0/lib/web_console/templates/_markup.html.erb (0.4ms)
  Rendered /Users/kurt.gardner/.rvm/gems/ruby-2.2.1/gems/web-console-2.3.0/lib/web_console/templates/_inner_console_markup.html.erb within layouts/inlined_string (0.3ms)
  Rendered /Users/kurt.gardner/.rvm/gems/ruby-2.2.1/gems/web-console-2.3.0/lib/web_console/templates/_prompt_box_markup.html.erb within layouts/inlined_string (0.3ms)
  Rendered /Users/kurt.gardner/.rvm/gems/ruby-2.2.1/gems/web-console-2.3.0/lib/web_console/templates/style.css.erb within layouts/inlined_string (0.3ms)
  Rendered /Users/kurt.gardner/.rvm/gems/ruby-2.2.1/gems/web-console-2.3.0/lib/web_console/templates/console.js.erb within layouts/javascript (441.1ms)
  Rendered /Users/kurt.gardner/.rvm/gems/ruby-2.2.1/gems/web-console-2.3.0/lib/web_console/templates/main.js.erb within layouts/javascript (0.4ms)
  Rendered /Users/kurt.gardner/.rvm/gems/ruby-2.2.1/gems/web-console-2.3.0/lib/web_console/templates/error_page.js.erb within layouts/javascript (0.5ms)
  Rendered /Users/kurt.gardner/.rvm/gems/ruby-2.2.1/gems/web-console-2.3.0/lib/web_console/templates/index.html.erb (500.1ms)


Started DELETE "/api/users/1/lists/1" for ::1 at 2016-07-13 21:58:29 -0600
Processing by Api::ListsController#destroy as JSON
  Parameters: {"user_id"=>"1", "id"=>"1"}
  [1m[36mUser Load (0.1ms)[0m  [1mSELECT "users".* FROM "users" WHERE "users"."username" = ? AND "users"."password_digest" = ?[0m  [["username", "admin"], ["password_digest", "pass123"]]
  [1m[35mList Load (0.1ms)[0m  SELECT  "lists".* FROM "lists" WHERE "lists"."id" = ? LIMIT 1  [["id", 1]]
  [1m[36m (0.1ms)[0m  [1mbegin transaction[0m
  [1m[35mSQL (0.3ms)[0m  DELETE FROM "lists" WHERE "lists"."id" = ?  [["id", 1]]
  [1m[36m (0.7ms)[0m  [1mcommit transaction[0m
[active_model_serializers] Rendered ActiveModel::Serializer::Null with Hash (0.06ms)
Completed 204 No Content in 23ms (Views: 2.8ms | ActiveRecord: 2.0ms)
